<?xml version="1.0" encoding="UTF-8"?>
<!-- Generated by org.testng.reporters.JUnitXMLReporter -->
<testsuite ignored="0" hostname="LTIN718733" failures="0" tests="10" name="com.tests" time="84.626" errors="0" timestamp="2026-04-13T14:45:43 IST">
  <testcase classname="com.tests.HomePageTests" name="VerifyHomePage" time="0.045"/>
  <testcase classname="com.tests.HomePageTests" name="NoOfLinksInWebPage" time="0.516"/>
  <testcase classname="com.tests.HomePageTests" name="VerifySearchText" time="0.148"/>
  <testcase classname="com.tests.HomePageTests" name="ScreenshotOfSearchSuggestion" time="0.776"/>
  <testcase classname="com.tests.HomePageTests" name="NoOfSearchSuggestionDisplayed" time="63.525"/>
  <testcase classname="com.tests.SearchResultTests" name="VerifyResultPage" time="0.01"/>
  <testcase classname="com.tests.SearchResultTests" name="AllTabTest" time="0.443"/>
  <testcase classname="com.tests.SearchResultTests" name="NewsTabTest" time="6.455"/>
  <testcase classname="com.tests.SearchResultTests" name="ImagesTabTest" time="6.322"/>
  <testcase classname="com.tests.SearchResultTests" name="VideosTabTest" time="6.296"/>
</testsuite> <!-- com.tests -->
