<?xml version="1.0" encoding="UTF-8"?>
<!-- Generated by org.testng.reporters.JUnitReportReporter -->
<testsuite hostname="LTIN719427" failures="0" tests="8" name="tests.AlertsPageTest" time="17.349" errors="0" timestamp="2026-04-10T14:59:14 IST" skipped="0">
  <testcase classname="tests.AlertsPageTest" name="validateAlertsPage" time="9.363">
    <system-out>
      <![CDATA[PASSED - Alerts page verified. Title: Alerts]]>
    </system-out>
  </testcase> <!-- validateAlertsPage -->
  <testcase classname="tests.AlertsPageTest" name="validateAlertsPage" time="4.585">
    <system-out>
      <![CDATA[PASSED - Alerts page verified. Title: Alerts]]>
    </system-out>
  </testcase> <!-- validateAlertsPage -->
  <testcase classname="tests.AlertsPageTest" name="simpleAlertTestCase" time="0.859">
    <system-out>
      <![CDATA[Clicked on Simple Alert button
Expected: I am an alert box! | Actual: I am an alert box!
PASSED – Simple alert message verified]]>
    </system-out>
  </testcase> <!-- simpleAlertTestCase -->
  <testcase classname="tests.AlertsPageTest" name="simpleAlertTestCase" time="0.475">
    <system-out>
      <![CDATA[Clicked on Simple Alert button
Expected: I am an alert box! | Actual: I am an alert box!
PASSED – Simple alert message verified]]>
    </system-out>
  </testcase> <!-- simpleAlertTestCase -->
  <testcase classname="tests.AlertsPageTest" name="confirmAlertTestCase" time="0.483">
    <system-out>
      <![CDATA[Handling Confirmation Alert
Expected: You Pressed Cancel | Actual: You Pressed Cancel
PASSED – Confirmation alert message verified]]>
    </system-out>
  </testcase> <!-- confirmAlertTestCase -->
  <testcase classname="tests.AlertsPageTest" name="confirmAlertTestCase" time="0.559">
    <system-out>
      <![CDATA[Handling Confirmation Alert
Expected: You Pressed Cancel | Actual: You Pressed Cancel
PASSED – Confirmation alert message verified]]>
    </system-out>
  </testcase> <!-- confirmAlertTestCase -->
  <testcase classname="tests.AlertsPageTest" name="promptAlertTestCase" time="0.506">
    <system-out>
      <![CDATA[Handling Prompt Alert
Expected: Hello Tejas How are you today | Actual: Hello Tejas How are you today
PASSED – Prompt alert message verified]]>
    </system-out>
  </testcase> <!-- promptAlertTestCase -->
  <testcase classname="tests.AlertsPageTest" name="promptAlertTestCase" time="0.519">
    <system-out>
      <![CDATA[Handling Prompt Alert
Expected: Hello Tejas How are you today | Actual: Hello Tejas How are you today
PASSED – Prompt alert message verified]]>
    </system-out>
  </testcase> <!-- promptAlertTestCase -->
  <system-out>
    <![CDATA[Navigated to URL: https://demo.automationtesting.in/Alerts.html
Navigated to URL: https://demo.automationtesting.in/Alerts.html
PASSED - Alerts page verified. Title: Alerts
Clicked on Simple Alert button
Expected: I am an alert box! | Actual: I am an alert box!
PASSED – Simple alert message verified
Handling Confirmation Alert
Expected: You Pressed Cancel | Actual: You Pressed Cancel
PASSED – Confirmation alert message verified
Handling Prompt Alert
Expected: Hello Tejas How are you today | Actual: Hello Tejas How are you today
PASSED – Prompt alert message verified
PASSED - Alerts page verified. Title: Alerts
Clicked on Simple Alert button
Expected: I am an alert box! | Actual: I am an alert box!
PASSED – Simple alert message verified
Handling Confirmation Alert
Expected: You Pressed Cancel | Actual: You Pressed Cancel
PASSED – Confirmation alert message verified
Handling Prompt Alert
Expected: Hello Tejas How are you today | Actual: Hello Tejas How are you today
PASSED – Prompt alert message verified
Browser closed successfully
Browser closed successfully]]>
  </system-out>
</testsuite> <!-- tests.AlertsPageTest -->
