<?xml version="1.0" encoding="UTF-8"?>
<!-- Generated by org.testng.reporters.JUnitReportReporter -->
<testsuite hostname="LTIN717685" failures="0" tests="3" name="tests.EcommerceTest" time="13.216" errors="0" timestamp="2026-04-17T16:20:16 IST" skipped="0">
  <testcase classname="tests.EcommerceTest" name="loginFlowTest" time="3.899"/>
  <testcase classname="tests.EcommerceTest" name="productSearchFlow" time="3.454"/>
  <testcase classname="tests.EcommerceTest" name="cartCheckOutFlow" time="5.863"/>
</testsuite> <!-- tests.EcommerceTest -->
