<?xml version="1.0" encoding="UTF-8"?>
<!-- Generated by org.testng.reporters.JUnitXMLReporter -->
<testsuite ignored="0" hostname="LTIN717685" failures="0" tests="3" name="Default test" time="9.842" errors="0" timestamp="2026-04-10T14:14:39 IST">
  <testcase classname="tests.EcommerceTest" name="loginFlowTest" time="2.928"/>
  <testcase classname="tests.EcommerceTest" name="productSearchFlow" time="3.004"/>
  <testcase classname="tests.EcommerceTest" name="cartCheckOutFlow" time="3.795"/>
</testsuite> <!-- Default test -->
