<?xml version="1.0" encoding="UTF-8"?>
<!-- Generated by org.testng.reporters.JUnitXMLReporter -->
<testsuite ignored="0" hostname="LTIN717930" failures="0" tests="4" name="Default test" time="109.27" errors="0" timestamp="2026-05-07T17:31:06 IST">
  <testcase classname="testcases.NewTest" name="createDriver" time="51.19"/>
  <testcase classname="testcases.NewTest" name="validatePage" time="1.458"/>
  <testcase classname="testcases.NewTest" name="searchProduct" time="11.91"/>
  <testcase classname="testcases.NewTest" name="selectAndAddToCart" time="29.898"/>
</testsuite> <!-- Default test -->
