<?xml version="1.0" encoding="UTF-8"?>
<testng-results ignored="0" total="3" passed="3" failed="0" skipped="0">
  <reporter-output>
  </reporter-output>
  <suite started-at="2026-04-13T10:55:41 IST" name="Default suite" finished-at="2026-04-13T10:56:33 IST" duration-ms="52450">
    <groups>
    </groups>
    <test started-at="2026-04-13T10:55:41 IST" name="Default test" finished-at="2026-04-13T10:56:33 IST" duration-ms="52450">
      <class name="testCases.TestFlipkart">
        <test-method is-config="true" signature="setUp()[pri:0, instance:testCases.TestFlipkart@5aa9e4eb]" started-at="2026-04-13T10:55:41 IST" name="setUp" finished-at="2026-04-13T10:55:54 IST" duration-ms="13051" status="PASS">
          <reporter-output>
          </reporter-output>
        </test-method> <!-- setUp -->
        <test-method signature="testSearchAndVerify()[pri:1, instance:testCases.TestFlipkart@5aa9e4eb]" started-at="2026-04-13T10:55:54 IST" name="testSearchAndVerify" finished-at="2026-04-13T10:56:07 IST" duration-ms="12978" status="PASS">
          <reporter-output>
          </reporter-output>
        </test-method> <!-- testSearchAndVerify -->
        <test-method signature="testFiltersAndSort()[pri:2, instance:testCases.TestFlipkart@5aa9e4eb]" started-at="2026-04-13T10:56:07 IST" name="testFiltersAndSort" finished-at="2026-04-13T10:56:25 IST" depends-on-methods="testCases.TestFlipkart.testSearchAndVerify" duration-ms="18291" status="PASS">
          <reporter-output>
          </reporter-output>
        </test-method> <!-- testFiltersAndSort -->
        <test-method signature="testMobileValidation()[pri:3, instance:testCases.TestFlipkart@5aa9e4eb]" started-at="2026-04-13T10:56:25 IST" name="testMobileValidation" finished-at="2026-04-13T10:56:26 IST" depends-on-methods="testCases.TestFlipkart.testFiltersAndSort" duration-ms="470" status="PASS">
          <reporter-output>
          </reporter-output>
        </test-method> <!-- testMobileValidation -->
        <test-method is-config="true" signature="tearDown()[pri:0, instance:testCases.TestFlipkart@5aa9e4eb]" started-at="2026-04-13T10:56:26 IST" name="tearDown" finished-at="2026-04-13T10:56:33 IST" duration-ms="7526" status="PASS">
          <reporter-output>
          </reporter-output>
        </test-method> <!-- tearDown -->
      </class> <!-- testCases.TestFlipkart -->
    </test> <!-- Default test -->
  </suite> <!-- Default suite -->
</testng-results>
