<?xml version="1.0" encoding="UTF-8"?>
<!-- Generated by org.testng.reporters.JUnitXMLReporter -->
<testsuite ignored="0" hostname="LTIN717796" failures="0" tests="3" name="Surefire test" time="15.524" errors="0" timestamp="2026-04-21T14:49:44 IST">
  <testcase classname="test.TestMain" name="testNavigation" time="7.67"/>
  <testcase classname="test.TestMain" name="testBanner" time="1.064"/>
  <testcase classname="test.TestMain" name="testHolidayPackages" time="1.834"/>
</testsuite> <!-- Surefire test -->
