<?xml version="1.0" encoding="UTF-8"?>
<!-- Generated by org.testng.reporters.JUnitReportReporter -->
<testsuite hostname="LTIN718454" failures="0" tests="4" name="testcases.AlertsFunctionalTest" time="6.153" errors="0" timestamp="2026-04-20T16:13:30 IST" skipped="0">
  <testcase classname="testcases.AlertsFunctionalTest" name="navigateToAlertsPage" time="4.652">
    <system-out>
      <![CDATA[Navigated to Alerts page via SwitchTo menu.]]>
    </system-out>
  </testcase> <!-- navigateToAlertsPage -->
  <testcase classname="testcases.AlertsFunctionalTest" name="verifyAlertTextAndAccept" time="0.484">
    <system-out>
      <![CDATA[Expected: 'I am an alert box!' | Actual: 'I am an alert box!'
PASS: Simple alert verified and accepted.]]>
    </system-out>
  </testcase> <!-- verifyAlertTextAndAccept -->
  <testcase classname="testcases.AlertsFunctionalTest" name="verifyConfirmCancel" time="0.506">
    <system-out>
      <![CDATA[Expected: 'You Pressed Cancel' | Actual: 'You Pressed Cancel'
PASS: Confirm cancel message verified.]]>
    </system-out>
  </testcase> <!-- verifyConfirmCancel -->
  <testcase classname="testcases.AlertsFunctionalTest" name="verifyPromptInput" time="0.511">
    <system-out>
      <![CDATA[Input: 'Vaibhav' | Expected: 'Hello Vaibhav How are you today' | Actual: 'Hello Vaibhav How are you today']]>
    </system-out>
  </testcase> <!-- verifyPromptInput -->
  <system-out>
    <![CDATA[Browser: chrome | URL: https://demo.automationtesting.in/Alerts.html
Navigated to Alerts page via SwitchTo menu.
Expected: 'I am an alert box!' | Actual: 'I am an alert box!'
PASS: Simple alert verified and accepted.
Expected: 'You Pressed Cancel' | Actual: 'You Pressed Cancel'
PASS: Confirm cancel message verified.
Input: 'Vaibhav' | Expected: 'Hello Vaibhav How are you today' | Actual: 'Hello Vaibhav How are you today']]>
  </system-out>
</testsuite> <!-- testcases.AlertsFunctionalTest -->
