<?xml version="1.0" encoding="UTF-8"?>
<!-- Generated by org.testng.reporters.JUnitXMLReporter -->
<testsuite ignored="8" hostname="LTIN718776" failures="0" tests="4" name="testCases" time="27.099" errors="0" timestamp="2026-04-08T17:55:27 IST">
  <testcase classname="testCases.TestLoginPage" name="LoginPage_Test" time="0.923"/>
  <testcase classname="testCases.TestHomePage" name="HomePage_Test" time="4.231"/>
  <testcase classname="testCases.TestSearchProductPage" name="SearchProductPage_Test" time="7.167"/>
  <testcase classname="testCases.TestProductRetrievePage" name="ProductRetrievePage_Test" time="1.867"/>
  <testcase classname="testCases.BaseTest" name="@AfterTest exitBrowser" time="0.0">
    <ignored/>
  </testcase> <!-- @AfterTest exitBrowser -->
  <testcase classname="testCases.BaseTest" name="@BeforeTest setUp" time="0.0">
    <ignored/>
  </testcase> <!-- @BeforeTest setUp -->
  <testcase classname="testCases.BaseTest" name="@BeforeTest setUp" time="0.0">
    <ignored/>
  </testcase> <!-- @BeforeTest setUp -->
  <testcase classname="testCases.BaseTest" name="@AfterTest exitBrowser" time="0.0">
    <ignored/>
  </testcase> <!-- @AfterTest exitBrowser -->
  <testcase classname="testCases.BaseTest" name="@AfterTest exitBrowser" time="0.0">
    <ignored/>
  </testcase> <!-- @AfterTest exitBrowser -->
  <testcase classname="testCases.BaseTest" name="@BeforeTest setUp" time="0.0">
    <ignored/>
  </testcase> <!-- @BeforeTest setUp -->
  <testcase classname="testCases.BaseTest" name="@BeforeTest setUp" time="0.0">
    <ignored/>
  </testcase> <!-- @BeforeTest setUp -->
  <testcase classname="testCases.BaseTest" name="@AfterTest exitBrowser" time="0.0">
    <ignored/>
  </testcase> <!-- @AfterTest exitBrowser -->
</testsuite> <!-- testCases -->
