<?xml version="1.0" encoding="UTF-8"?>
<!-- Generated by org.testng.reporters.JUnitXMLReporter -->
<testsuite ignored="0" hostname="LTIN718454" failures="0" tests="4" name="EdgeTest" time="5.764" errors="0" timestamp="2026-04-12T18:05:02 IST">
  <testcase classname="testcases.AlertsFunctionalTest" name="@BeforeClass setup" time="5.666">
    <failure type="java.lang.RuntimeException" message="Aborting tests — browser setup failed.">
      <![CDATA[java.lang.RuntimeException: Aborting tests — browser setup failed.
at testcases.AlertsFunctionalTest.setup(AlertsFunctionalTest.java:61)
at java.base/jdk.internal.reflect.DirectMethodHandleAccessor.invoke(DirectMethodHandleAccessor.java:103)
at java.base/java.lang.reflect.Method.invoke(Method.java:580)
at org.testng.internal.invokers.MethodInvocationHelper.invokeMethod(MethodInvocationHelper.java:141)
at org.testng.internal.invokers.MethodInvocationHelper.invokeMethodConsideringTimeout(MethodInvocationHelper.java:71)
at org.testng.internal.invokers.ConfigInvoker.invokeConfigurationMethod(ConfigInvoker.java:400)
at org.testng.internal.invokers.ConfigInvoker.invokeConfigurations(ConfigInvoker.java:333)
at org.testng.internal.invokers.TestMethodWorker.invokeBeforeClassMethods(TestMethodWorker.java:188)
at org.testng.internal.invokers.TestMethodWorker.run(TestMethodWorker.java:128)
at java.base/java.util.ArrayList.forEach(ArrayList.java:1596)
at org.testng.TestRunner.privateRun(TestRunner.java:741)
at org.testng.TestRunner.run(TestRunner.java:616)
at org.testng.SuiteRunner.runTest(SuiteRunner.java:421)
at org.testng.SuiteRunner$SuiteWorker.run(SuiteRunner.java:463)
at org.testng.internal.thread.ThreadUtil.lambda$execute$0(ThreadUtil.java:64)
at java.base/java.util.concurrent.FutureTask.run(FutureTask.java:317)
at java.base/java.util.concurrent.ThreadPoolExecutor.runWorker(ThreadPoolExecutor.java:1144)
at java.base/java.util.concurrent.ThreadPoolExecutor$Worker.run(ThreadPoolExecutor.java:642)
at java.base/java.lang.Thread.run(Thread.java:1583)
Caused by: org.openqa.selenium.remote.NoSuchDriverException: Unable to obtain: geckodriver, error Command failed with code: 65, executed: [--browser, firefox, --language-binding, java, --output, json]
Unsuccessful response (403 Forbidden) for URL https://ftp.mozilla.org/pub/firefox/releases/149.0.2/win64/en-US/Firefox%20Setup%20149.0.2.exe
Build info: version: '4.41.0', revision: '9fc754f'
System info: os.name: 'Windows 11', os.arch: 'amd64', os.version: '10.0', java.version: '21.0.10'
Driver info: driver.version: FirefoxDriver
at org.openqa.selenium.remote.service.DriverFinder.getBinaryPaths(DriverFinder.java:123)
at org.openqa.selenium.remote.service.DriverFinder.getDriverPath(DriverFinder.java:54)
at org.openqa.selenium.firefox.FirefoxDriver.generateExecutor(FirefoxDriver.java:128)
at org.openqa.selenium.firefox.FirefoxDriver.<init>(FirefoxDriver.java:119)
at org.openqa.selenium.firefox.FirefoxDriver.<init>(FirefoxDriver.java:99)
at org.openqa.selenium.firefox.FirefoxDriver.<init>(FirefoxDriver.java:95)
at org.openqa.selenium.firefox.FirefoxDriver.<init>(FirefoxDriver.java:85)
at browserimplementation.BrowserLoader.launchFirefox(BrowserLoader.java:41)
at testcases.AlertsFunctionalTest.setup(AlertsFunctionalTest.java:44)
... 18 more
Caused by: org.openqa.selenium.WebDriverException: Command failed with code: 65, executed: [--browser, firefox, --language-binding, java, --output, json]
Unsuccessful response (403 Forbidden) for URL https://ftp.mozilla.org/pub/firefox/releases/149.0.2/win64/en-US/Firefox%20Setup%20149.0.2.exe
Build info: version: '4.41.0', revision: '9fc754f'
System info: os.name: 'Windows 11', os.arch: 'amd64', os.version: '10.0', java.version: '21.0.10'
Driver info: driver.version: FirefoxDriver
at org.openqa.selenium.manager.SeleniumManager.runCommand(SeleniumManager.java:176)
at org.openqa.selenium.manager.SeleniumManager.getBinaryPaths(SeleniumManager.java:275)
at org.openqa.selenium.remote.service.DriverFinder.getBinaryPaths(DriverFinder.java:103)
... 26 more
]]>
    </failure>
  </testcase> <!-- @BeforeClass setup -->
  <testcase classname="testcases.AlertsFunctionalTest" name="@AfterClass tearDown" time="0.0">
    <skipped/>
  </testcase> <!-- @AfterClass tearDown -->
  <testcase classname="testcases.AlertsFunctionalTest" name="navigateToAlertsPage" time="0.0">
    <skipped/>
  </testcase> <!-- navigateToAlertsPage -->
  <testcase classname="testcases.AlertsFunctionalTest" name="verifyAlertTextAndAccept" time="0.0">
    <skipped/>
  </testcase> <!-- verifyAlertTextAndAccept -->
  <testcase classname="testcases.AlertsFunctionalTest" name="verifyConfirmCancel" time="0.001">
    <skipped/>
  </testcase> <!-- verifyConfirmCancel -->
  <testcase classname="testcases.AlertsFunctionalTest" name="verifyPromptInput" time="0.0">
    <skipped/>
  </testcase> <!-- verifyPromptInput -->
</testsuite> <!-- EdgeTest -->
