<?xml version="1.0" encoding="UTF-8"?>
<!-- Generated by org.testng.reporters.JUnitXMLReporter -->
<testsuite ignored="0" hostname="LTIN719780" failures="0" tests="6" name="Edge Test" time="22.607" errors="0" timestamp="2026-04-02T12:25:33 IST">
  <testcase classname="tests.DropdownTest" name="createAccountTest" time="0.894"/>
  <testcase classname="tests.DropdownTest" name="inputTest" time="1.374"/>
  <testcase classname="tests.DropdownTest" name="testDOB_Dropdown" time="0.532"/>
  <testcase classname="tests.DropdownTest" name="testGender" time="0.083"/>
  <testcase classname="tests.DropdownTest" name="testCountryDropdown" time="7.491"/>
  <testcase classname="tests.DropdownTest" name="validateCountrySelection" time="0.173"/>
</testsuite> <!-- Edge Test -->
