<?xml version="1.0" encoding="UTF-8"?>
<!-- Generated by org.testng.reporters.JUnitXMLReporter -->
<testsuite ignored="0" hostname="LTIN718443" failures="0" tests="3" name="Default test" time="23.898" errors="0" timestamp="2026-04-17T14:38:50 IST">
  <testcase classname="testcases.NaukariTest" name="testLandingPage" time="0.053"/>
  <testcase classname="testcases.NaukariTest" name="testEnterDetails" time="1.724"/>
  <testcase classname="testcases.NaukariTest" name="testVerifyResultsAndExperience" time="1.392"/>
</testsuite> <!-- Default test -->
