<?xml version="1.0" encoding="UTF-8"?>
<!-- Generated by org.testng.reporters.JUnitXMLReporter -->
<testsuite ignored="0" hostname="LTIN718454" failures="0" tests="4" name="ChromeTest" time="31.776" errors="0" timestamp="2026-04-20T16:13:29 IST">
  <testcase classname="testcases.AlertsFunctionalTest" name="navigateToAlertsPage" time="4.652"/>
  <testcase classname="testcases.AlertsFunctionalTest" name="verifyAlertTextAndAccept" time="0.484"/>
  <testcase classname="testcases.AlertsFunctionalTest" name="verifyConfirmCancel" time="0.506"/>
  <testcase classname="testcases.AlertsFunctionalTest" name="verifyPromptInput" time="0.511"/>
</testsuite> <!-- ChromeTest -->
