<?xml version="1.0" encoding="UTF-8"?>
<testng-results ignored="0" total="4" passed="4" failed="0" skipped="0">
  <reporter-output>
    <line>
      <![CDATA[sign_In-Testcase passed]]>
    </line>
    <line>
      <![CDATA[Check text-passed]]>
    </line>
    <line>
      <![CDATA[Login Button verified]]>
    </line>
    <line>
      <![CDATA[Filling Incorrect Email - check obtained the Result text - passed]]>
    </line>
  </reporter-output>
  <suite started-at="2026-04-10T10:07:05 IST" name="Default suite" finished-at="2026-04-10T10:08:16 IST" duration-ms="70712">
    <groups>
    </groups>
    <test started-at="2026-04-10T10:07:05 IST" name="Default test" finished-at="2026-04-10T10:08:16 IST" duration-ms="70712">
      <class name="Tests.Testingpage">
        <test-method is-config="true" signature="Browser_Launch()[pri:0, instance:Tests.Testingpage@682b2fa]" started-at="2026-04-10T10:07:05 IST" name="Browser_Launch" finished-at="2026-04-10T10:07:44 IST" duration-ms="38591" status="PASS">
          <reporter-output>
          </reporter-output>
        </test-method> <!-- Browser_Launch -->
        <test-method signature="Check_SignIn()[pri:0, instance:Tests.Testingpage@682b2fa]" started-at="2026-04-10T10:07:44 IST" name="Check_SignIn" finished-at="2026-04-10T10:07:50 IST" duration-ms="5610" status="PASS">
          <reporter-output>
            <line>
              <![CDATA[sign_In-Testcase passed]]>
            </line>
          </reporter-output>
        </test-method> <!-- Check_SignIn -->
        <test-method signature="Check_Text()[pri:0, instance:Tests.Testingpage@682b2fa]" started-at="2026-04-10T10:07:50 IST" name="Check_Text" finished-at="2026-04-10T10:07:57 IST" depends-on-methods="Tests.Testingpage.Check_SignIn" duration-ms="7111" status="PASS">
          <reporter-output>
            <line>
              <![CDATA[Check text-passed]]>
            </line>
          </reporter-output>
        </test-method> <!-- Check_Text -->
        <test-method signature="Check_SignupButtonEnabled()[pri:0, instance:Tests.Testingpage@682b2fa]" started-at="2026-04-10T10:07:57 IST" name="Check_SignupButtonEnabled" finished-at="2026-04-10T10:08:02 IST" depends-on-methods="Tests.Testingpage.Check_Text" duration-ms="4808" status="PASS">
          <reporter-output>
            <line>
              <![CDATA[Login Button verified]]>
            </line>
          </reporter-output>
        </test-method> <!-- Check_SignupButtonEnabled -->
        <test-method signature="CheckTextforInvalidEmail()[pri:0, instance:Tests.Testingpage@682b2fa]" started-at="2026-04-10T10:08:02 IST" name="CheckTextforInvalidEmail" finished-at="2026-04-10T10:08:06 IST" depends-on-methods="Tests.Testingpage.Check_SignupButtonEnabled" duration-ms="4473" status="PASS">
          <reporter-output>
            <line>
              <![CDATA[Filling Incorrect Email - check obtained the Result text - passed]]>
            </line>
          </reporter-output>
        </test-method> <!-- CheckTextforInvalidEmail -->
        <test-method is-config="true" signature="Browser_close()[pri:0, instance:Tests.Testingpage@682b2fa]" started-at="2026-04-10T10:08:06 IST" name="Browser_close" finished-at="2026-04-10T10:08:16 IST" duration-ms="9712" status="PASS">
          <reporter-output>
          </reporter-output>
        </test-method> <!-- Browser_close -->
      </class> <!-- Tests.Testingpage -->
    </test> <!-- Default test -->
  </suite> <!-- Default suite -->
</testng-results>
