<?xml version="1.0" encoding="UTF-8"?>
<!-- Generated by org.testng.reporters.JUnitXMLReporter -->
<testsuite ignored="0" hostname="LTIN718443" failures="0" tests="3" name="Surefire test" time="15.606" errors="0" timestamp="2026-04-17T15:12:23 IST">
  <testcase classname="testcases.NaukariTest" name="testLandingPage" time="0.023"/>
  <testcase classname="testcases.NaukariTest" name="testEnterDetails" time="1.924"/>
  <testcase classname="testcases.NaukariTest" name="testVerifyResultsAndExperience" time="1.214"/>
</testsuite> <!-- Surefire test -->
