<?xml version="1.0" encoding="UTF-8"?>
<testsuite xmlns:xsi="http://www.w3.org/2001/XMLSchema-instance" xsi:noNamespaceSchemaLocation="https://maven.apache.org/surefire/maven-surefire-plugin/xsd/surefire-test-report.xsd" version="3.0.2" name="testcases.NaukariTest" time="15.994" tests="3" errors="0" skipped="0" failures="0">
  <properties>
[...]
</properties>
  <testcase name="testLandingPage" classname="testcases.NaukariTest" time="0.033">
    <system-err><![CDATA[SLF4J: Failed to load class "org.slf4j.impl.StaticLoggerBinder".
SLF4J: Defaulting to no-operation (NOP) logger implementation
SLF4J: See http://www.slf4j.org/codes.html#StaticLoggerBinder for further details.
Apr 17, 2026 3:12:11 PM org.openqa.selenium.devtools.CdpVersionFinder findNearestMatch
WARNING: Unable to find an exact match for CDP version 146, returning the closest version; found: 145; Please update to a Selenium version that supports CDP version 146
]]></system-err>
  </testcase>
  <testcase name="testEnterDetails" classname="testcases.NaukariTest" time="1.931">
    <system-out><![CDATA[Search details entered successfully.
]]></system-out>
  </testcase>
  <testcase name="testVerifyResultsAndExperience" classname="testcases.NaukariTest" time="1.212">
    <system-out><![CDATA[Results header verified.
Results and experience verified successfully.
]]></system-out>
  </testcase>
</testsuite>