<?xml version="1.0" encoding="UTF-8"?>
<!-- Generated by org.testng.reporters.JUnitXMLReporter -->
<testsuite ignored="0" hostname="LTIN718443" failures="0" tests="3" name="PageTests" time="26.409" errors="0" timestamp="2026-04-13T09:41:07 IST">
  <testcase classname="testcases.NaukariTest" name="testLandingPage" time="0.057"/>
  <testcase classname="testcases.NaukariTest" name="testEnterDetails" time="3.211"/>
  <testcase classname="testcases.NaukariTest" name="testVerifyResultsAndExperience" time="1.815"/>
</testsuite> <!-- PageTests -->
