<?xml version="1.0" encoding="UTF-8"?>
<!-- Generated by org.testng.reporters.JUnitReportReporter -->
<testsuite hostname="LTIN717685" failures="0" tests="3" name="tests.EcommerceTest" time="9.728" errors="0" timestamp="2026-04-10T14:14:44 IST" skipped="0">
  <testcase classname="tests.EcommerceTest" name="loginFlowTest" time="2.929"/>
  <testcase classname="tests.EcommerceTest" name="productSearchFlow" time="3.004"/>
  <testcase classname="tests.EcommerceTest" name="cartCheckOutFlow" time="3.795"/>
</testsuite> <!-- tests.EcommerceTest -->
