<?xml version="1.0" encoding="UTF-8"?>
<testng-results ignored="0" total="3" passed="3" failed="0" skipped="0">
  <reporter-output>
  </reporter-output>
  <suite started-at="2026-05-07T16:50:33 IST" name="Default suite" finished-at="2026-05-07T16:51:25 IST" duration-ms="51656">
    <groups>
    </groups>
    <test started-at="2026-05-07T16:50:33 IST" name="Default test" finished-at="2026-05-07T16:51:25 IST" duration-ms="51656">
      <class name="test.TestMain">
        <test-method is-config="true" signature="setUp()[pri:0, instance:test.TestMain@1f2586d6]" started-at="2026-05-07T16:50:34 IST" name="setUp" finished-at="2026-05-07T16:50:39 IST" duration-ms="5828" status="PASS">
          <reporter-output>
          </reporter-output>
        </test-method> <!-- setUp -->
        <test-method signature="testNavigation()[pri:1, instance:test.TestMain@1f2586d6]" started-at="2026-05-07T16:50:39 IST" name="testNavigation" finished-at="2026-05-07T16:51:14 IST" duration-ms="34556" status="PASS">
          <reporter-output>
          </reporter-output>
        </test-method> <!-- testNavigation -->
        <test-method signature="testBanner()[pri:2, instance:test.TestMain@1f2586d6]" started-at="2026-05-07T16:51:14 IST" name="testBanner" finished-at="2026-05-07T16:51:15 IST" duration-ms="987" status="PASS">
          <reporter-output>
          </reporter-output>
        </test-method> <!-- testBanner -->
        <test-method signature="testHolidayPackages()[pri:3, instance:test.TestMain@1f2586d6]" started-at="2026-05-07T16:51:15 IST" name="testHolidayPackages" finished-at="2026-05-07T16:51:17 IST" duration-ms="1832" status="PASS">
          <reporter-output>
          </reporter-output>
        </test-method> <!-- testHolidayPackages -->
        <test-method is-config="true" signature="tearDown()[pri:0, instance:test.TestMain@1f2586d6]" started-at="2026-05-07T16:51:17 IST" name="tearDown" finished-at="2026-05-07T16:51:25 IST" duration-ms="8334" status="PASS">
          <reporter-output>
          </reporter-output>
        </test-method> <!-- tearDown -->
      </class> <!-- test.TestMain -->
    </test> <!-- Default test -->
  </suite> <!-- Default suite -->
</testng-results>
