<?xml version="1.0" encoding="UTF-8"?>
<!-- Generated by org.testng.reporters.JUnitReportReporter -->
<testsuite hostname="LTIN718443" failures="0" tests="3" name="testcases.NaukariTest" time="3.161" errors="0" timestamp="2026-04-17T15:12:23 IST" skipped="0">
  <testcase classname="testcases.NaukariTest" name="testLandingPage" time="0.023">
    <system-out>
      <![CDATA[The page title has been verified.]]>
    </system-out>
  </testcase> <!-- testLandingPage -->
  <testcase classname="testcases.NaukariTest" name="testEnterDetails" time="1.924">
    <system-out>
      <![CDATA[Search details entered successfully.]]>
    </system-out>
  </testcase> <!-- testEnterDetails -->
  <testcase classname="testcases.NaukariTest" name="testVerifyResultsAndExperience" time="1.214">
    <system-out>
      <![CDATA[Results header verified.
Results and experience verified successfully.]]>
    </system-out>
  </testcase> <!-- testVerifyResultsAndExperience -->
  <system-out>
    <![CDATA[The page title has been verified.
Search details entered successfully.
Results header verified.
Results and experience verified successfully.
Browser closed.]]>
  </system-out>
</testsuite> <!-- testcases.NaukariTest -->
