<?xml version="1.0" encoding="UTF-8"?>
<!-- Generated by org.testng.reporters.JUnitReportReporter -->
<testsuite hostname="LTIN718439" failures="0" tests="8" name="tests.TestingPages" time="11.862" errors="0" timestamp="2026-04-17T16:16:00 IST" skipped="0">
  <testcase classname="tests.TestingPages" name="launchApplication" time="2.349"/>
  <testcase classname="tests.TestingPages" name="verifyHomePageUrl" time="0.278"/>
  <testcase classname="tests.TestingPages" name="verifyHomePageTitle" time="0.017"/>
  <testcase classname="tests.TestingPages" name="testSearchProduct" time="4.486"/>
  <testcase classname="tests.TestingPages" name="verifyProductsPageTitle" time="0.021"/>
  <testcase classname="tests.TestingPages" name="testPriceRangeSelection" time="0.414"/>
  <testcase classname="tests.TestingPages" name="testSortByPopularity" time="0.530"/>
  <testcase classname="tests.TestingPages" name="testFetchAndPrintProductNamesAndPrices" time="3.767"/>
</testsuite> <!-- tests.TestingPages -->
