<?xml version="1.0" encoding="UTF-8"?>
<testng-results ignored="0" total="8" passed="8" failed="0" skipped="0">
  <reporter-output>
  </reporter-output>
  <suite started-at="2026-04-17T16:15:38 IST" name="Default suite" finished-at="2026-04-17T16:16:00 IST" duration-ms="22469">
    <groups>
    </groups>
    <test started-at="2026-04-17T16:15:38 IST" name="Default test" finished-at="2026-04-17T16:16:00 IST" duration-ms="22469">
      <class name="tests.TestingPages">
        <test-method is-config="true" signature="setUp()[pri:0, instance:tests.TestingPages@3eb25e1a]" started-at="2026-04-17T16:15:38 IST" name="setUp" finished-at="2026-04-17T16:15:43 IST" duration-ms="4801" status="PASS">
          <reporter-output>
          </reporter-output>
        </test-method> <!-- setUp -->
        <test-method signature="launchApplication()[pri:1, instance:tests.TestingPages@3eb25e1a]" started-at="2026-04-17T16:15:43 IST" name="launchApplication" finished-at="2026-04-17T16:15:45 IST" duration-ms="2349" status="PASS">
          <reporter-output>
          </reporter-output>
        </test-method> <!-- launchApplication -->
        <test-method signature="verifyHomePageUrl()[pri:2, instance:tests.TestingPages@3eb25e1a]" started-at="2026-04-17T16:15:45 IST" name="verifyHomePageUrl" finished-at="2026-04-17T16:15:45 IST" depends-on-methods="tests.TestingPages.launchApplication" duration-ms="278" status="PASS">
          <reporter-output>
          </reporter-output>
        </test-method> <!-- verifyHomePageUrl -->
        <test-method signature="verifyHomePageTitle()[pri:3, instance:tests.TestingPages@3eb25e1a]" started-at="2026-04-17T16:15:45 IST" name="verifyHomePageTitle" finished-at="2026-04-17T16:15:45 IST" depends-on-methods="tests.TestingPages.verifyHomePageUrl" duration-ms="17" status="PASS">
          <reporter-output>
          </reporter-output>
        </test-method> <!-- verifyHomePageTitle -->
        <test-method signature="testSearchProduct()[pri:4, instance:tests.TestingPages@3eb25e1a]" started-at="2026-04-17T16:15:45 IST" name="testSearchProduct" finished-at="2026-04-17T16:15:50 IST" depends-on-methods="tests.TestingPages.verifyHomePageUrl" duration-ms="4486" status="PASS">
          <reporter-output>
          </reporter-output>
        </test-method> <!-- testSearchProduct -->
        <test-method signature="verifyProductsPageTitle()[pri:5, instance:tests.TestingPages@3eb25e1a]" started-at="2026-04-17T16:15:50 IST" name="verifyProductsPageTitle" finished-at="2026-04-17T16:15:50 IST" depends-on-methods="tests.TestingPages.testSearchProduct" duration-ms="21" status="PASS">
          <reporter-output>
          </reporter-output>
        </test-method> <!-- verifyProductsPageTitle -->
        <test-method signature="testPriceRangeSelection()[pri:6, instance:tests.TestingPages@3eb25e1a]" started-at="2026-04-17T16:15:50 IST" name="testPriceRangeSelection" finished-at="2026-04-17T16:15:50 IST" depends-on-methods="tests.TestingPages.testSearchProduct" duration-ms="414" status="PASS">
          <reporter-output>
          </reporter-output>
        </test-method> <!-- testPriceRangeSelection -->
        <test-method signature="testSortByPopularity()[pri:7, instance:tests.TestingPages@3eb25e1a]" started-at="2026-04-17T16:15:50 IST" name="testSortByPopularity" finished-at="2026-04-17T16:15:51 IST" depends-on-methods="tests.TestingPages.testPriceRangeSelection" duration-ms="530" status="PASS">
          <reporter-output>
          </reporter-output>
        </test-method> <!-- testSortByPopularity -->
        <test-method signature="testFetchAndPrintProductNamesAndPrices()[pri:8, instance:tests.TestingPages@3eb25e1a]" started-at="2026-04-17T16:15:51 IST" name="testFetchAndPrintProductNamesAndPrices" finished-at="2026-04-17T16:15:54 IST" depends-on-methods="tests.TestingPages.testSortByPopularity" duration-ms="3767" status="PASS">
          <reporter-output>
          </reporter-output>
        </test-method> <!-- testFetchAndPrintProductNamesAndPrices -->
        <test-method is-config="true" signature="tearDown()[pri:0, instance:tests.TestingPages@3eb25e1a]" started-at="2026-04-17T16:15:54 IST" name="tearDown" finished-at="2026-04-17T16:16:00 IST" duration-ms="5741" status="PASS">
          <reporter-output>
          </reporter-output>
        </test-method> <!-- tearDown -->
      </class> <!-- tests.TestingPages -->
    </test> <!-- Default test -->
  </suite> <!-- Default suite -->
</testng-results>
