<?xml version="1.0" encoding="UTF-8"?>
<!-- Generated by org.testng.reporters.JUnitReportReporter -->
<testsuite hostname="LTIN717700" failures="0" tests="4" name="BaseClass.baseClass" time="23.559" errors="0" timestamp="2026-04-24T14:44:10 IST" skipped="0">
  <testcase classname="BaseClass.baseClass" name="AddDetails_Page" time="10.986"/>
  <testcase classname="BaseClass.baseClass" name="Logout_Page" time="0.384"/>
  <testcase classname="BaseClass.baseClass" name="LoginPage" time="9.127"/>
  <testcase classname="BaseClass.baseClass" name="EditDetails_Page" time="3.062"/>
</testsuite> <!-- BaseClass.baseClass -->
