<?xml version="1.0" encoding="UTF-8"?>
<!-- Generated by org.testng.reporters.JUnitReportReporter -->
<testsuite hostname="LTIN717829" failures="0" tests="6" name="Amazon.TestCase.AmazonSearchTest" time="12.182" errors="1" timestamp="2026-05-06T11:35:31 IST" skipped="5">
  <testcase classname="Amazon.TestCase.AmazonSearchTest" name="SearchBox" time="0.000">
    <skipped/>
  </testcase> <!-- SearchBox -->
  <testcase classname="Amazon.TestCase.AmazonSearchTest" name="SearchPageSort" time="0.001">
    <skipped/>
  </testcase> <!-- SearchPageSort -->
  <testcase classname="Amazon.TestCase.AmazonSearchTest" name="SearchPage" time="0.000">
    <skipped/>
  </testcase> <!-- SearchPage -->
  <testcase classname="Amazon.TestCase.AmazonSearchTest" name="HomePageVerify" time="12.181">
    <error message="Expected condition failed: waiting for title to be &quot;Online Shopping site in India: Shop Online for Mobiles, Books, Watches, Shoes and More - Amazon.in&quot;. Current title: &quot;&quot;.
(tried for 10 seconds with 500 milliseconds interval)" type="org.openqa.selenium.TimeoutException">
      <![CDATA[org.openqa.selenium.TimeoutException: Expected condition failed: waiting for title to be "Online Shopping site in India: Shop Online for Mobiles, Books, Watches, Shoes and More - Amazon.in". Current title: "".
(tried for 10 seconds with 500 milliseconds interval)
at org.openqa.selenium.support.ui.WebDriverWait.timeoutException(WebDriverWait.java:85)
at org.openqa.selenium.support.ui.FluentWait.until(FluentWait.java:233)
at Amazon.TestCase.AmazonSearchTest.HomePageVerify(AmazonSearchTest.java:45)
at java.base/jdk.internal.reflect.DirectMethodHandleAccessor.invoke(DirectMethodHandleAccessor.java:103)
at java.base/java.lang.reflect.Method.invoke(Method.java:580)
at org.testng.internal.invokers.MethodInvocationHelper.invokeMethod(MethodInvocationHelper.java:141)
at org.testng.internal.invokers.TestInvoker.invokeMethod(TestInvoker.java:687)
at org.testng.internal.invokers.TestInvoker.invokeTestMethod(TestInvoker.java:230)
at org.testng.internal.invokers.MethodRunner.runInSequence(MethodRunner.java:63)
at org.testng.internal.invokers.TestInvoker$MethodInvocationAgent.invoke(TestInvoker.java:995)
at org.testng.internal.invokers.TestInvoker.invokeTestMethods(TestInvoker.java:203)
at org.testng.internal.invokers.TestMethodWorker.invokeTestMethods(TestMethodWorker.java:154)
at org.testng.internal.invokers.TestMethodWorker.run(TestMethodWorker.java:134)
at java.base/java.util.ArrayList.forEach(ArrayList.java:1596)
at org.testng.TestRunner.privateRun(TestRunner.java:741)
at org.testng.TestRunner.run(TestRunner.java:616)
at org.testng.SuiteRunner.runTest(SuiteRunner.java:421)
at org.testng.SuiteRunner.runSequentially(SuiteRunner.java:413)
at org.testng.SuiteRunner.privateRun(SuiteRunner.java:373)
at org.testng.SuiteRunner.run(SuiteRunner.java:312)
at org.testng.SuiteRunnerWorker.runSuite(SuiteRunnerWorker.java:52)
at org.testng.SuiteRunnerWorker.run(SuiteRunnerWorker.java:95)
at org.testng.TestNG.runSuitesSequentially(TestNG.java:1274)
at org.testng.TestNG.runSuitesLocally(TestNG.java:1208)
at org.testng.TestNG.runSuites(TestNG.java:1112)
at org.testng.TestNG.run(TestNG.java:1079)
at org.testng.remote.AbstractRemoteTestNG.run(AbstractRemoteTestNG.java:115)
at org.testng.remote.RemoteTestNG.initAndRun(RemoteTestNG.java:293)
at org.testng.remote.RemoteTestNG.main(RemoteTestNG.java:91)
Caused by: org.openqa.selenium.NoSuchWindowException: no such window: target window already closed
from unknown error: web view not found
  (Session info: chrome=146.0.7680.178)
Build info: version: '4.41.0', revision: '9fc754f'
System info: os.name: 'Windows 11', os.arch: 'amd64', os.version: '10.0', java.version: '21.0.10'
Driver info: org.openqa.selenium.chrome.ChromeDriver
Command: [37abb149c6c5cfc8c0f6af9e290653cb, getTitle {}]
Capabilities {acceptInsecureCerts: false, browserName: chrome, browserVersion: 146.0.7680.178, chrome: {chromedriverVersion: 146.0.7680.165 (4b989da09e1..., userDataDir: C:\Users\2479744\AppData\Lo...}, fedcm:accounts: true, goog:chromeOptions: {debuggerAddress: localhost:50964}, goog:processID: 14108, networkConnectionEnabled: false, pageLoadStrategy: normal, platformName: windows, proxy: Proxy(), se:cdp: ws://localhost:50964/devtoo..., se:cdpVersion: 146.0.7680.178, setWindowRect: true, strictFileInteractability: false, timeouts: {implicit: 0, pageLoad: 300000, script: 30000}, unhandledPromptBehavior: dismiss and notify, webauthn:extension:credBlob: true, webauthn:extension:largeBlob: true, webauthn:extension:minPinLength: true, webauthn:extension:prf: true, webauthn:virtualAuthenticators: true}
Session ID: 37abb149c6c5cfc8c0f6af9e290653cb
at org.openqa.selenium.remote.ErrorCodec.decode(ErrorCodec.java:169)
at org.openqa.selenium.remote.codec.w3c.W3CHttpResponseCodec.decode(W3CHttpResponseCodec.java:142)
at org.openqa.selenium.remote.codec.w3c.W3CHttpResponseCodec.decode(W3CHttpResponseCodec.java:49)
at org.openqa.selenium.remote.HttpCommandExecutor.execute(HttpCommandExecutor.java:223)
at org.openqa.selenium.remote.service.DriverCommandExecutor.invokeExecute(DriverCommandExecutor.java:216)
at org.openqa.selenium.remote.service.DriverCommandExecutor.execute(DriverCommandExecutor.java:174)
at org.openqa.selenium.remote.RemoteWebDriver.execute(RemoteWebDriver.java:604)
at org.openqa.selenium.remote.RemoteWebDriver.execute(RemoteWebDriver.java:686)
at org.openqa.selenium.remote.RemoteWebDriver.execute(RemoteWebDriver.java:690)
at org.openqa.selenium.remote.RemoteWebDriver.getTitle(RemoteWebDriver.java:377)
at org.openqa.selenium.support.ui.ExpectedConditions$1.apply(ExpectedConditions.java:64)
at org.openqa.selenium.support.ui.ExpectedConditions$1.apply(ExpectedConditions.java:59)
at org.openqa.selenium.support.ui.FluentWait.until(FluentWait.java:209)
... 27 more
]]>
    </error>
  </testcase> <!-- HomePageVerify -->
  <testcase classname="Amazon.TestCase.AmazonSearchTest" name="GetTop5Phones" time="0.000">
    <skipped/>
  </testcase> <!-- GetTop5Phones -->
  <testcase classname="Amazon.TestCase.AmazonSearchTest" name="SearchPageValidate" time="0.000">
    <skipped/>
  </testcase> <!-- SearchPageValidate -->
</testsuite> <!-- Amazon.TestCase.AmazonSearchTest -->
