<?xml version="1.0" encoding="UTF-8"?>
<testng-results ignored="0" total="6" passed="0" failed="1" skipped="5">
  <reporter-output>
  </reporter-output>
  <suite started-at="2026-05-06T11:35:06 IST" name="Default suite" finished-at="2026-05-06T11:35:30 IST" duration-ms="23764">
    <groups>
    </groups>
    <test started-at="2026-05-06T11:35:06 IST" name="Default test" finished-at="2026-05-06T11:35:30 IST" duration-ms="23764">
      <class name="Amazon.TestCase.AmazonSearchTest">
        <test-method is-config="true" signature="beforeClass()[pri:0, instance:Amazon.TestCase.AmazonSearchTest@1573f9fc]" started-at="2026-05-06T11:35:06 IST" name="beforeClass" finished-at="2026-05-06T11:35:14 IST" duration-ms="7126" status="PASS">
          <reporter-output>
          </reporter-output>
        </test-method> <!-- beforeClass -->
        <test-method signature="HomePageVerify()[pri:0, instance:Amazon.TestCase.AmazonSearchTest@1573f9fc]" started-at="2026-05-06T11:35:14 IST" name="HomePageVerify" finished-at="2026-05-06T11:35:26 IST" duration-ms="12181" status="FAIL">
          <exception class="org.openqa.selenium.TimeoutException">
            <message>
              <![CDATA[Expected condition failed: waiting for title to be "Online Shopping site in India: Shop Online for Mobiles, Books, Watches, Shoes and More - Amazon.in". Current title: "".
(tried for 10 seconds with 500 milliseconds interval)]]>
            </message>
            <full-stacktrace>
              <![CDATA[org.openqa.selenium.TimeoutException: Expected condition failed: waiting for title to be "Online Shopping site in India: Shop Online for Mobiles, Books, Watches, Shoes and More - Amazon.in". Current title: "".
(tried for 10 seconds with 500 milliseconds interval)
at org.openqa.selenium.support.ui.WebDriverWait.timeoutException(WebDriverWait.java:85)
at org.openqa.selenium.support.ui.FluentWait.until(FluentWait.java:233)
at Amazon.TestCase.AmazonSearchTest.HomePageVerify(AmazonSearchTest.java:45)
at java.base/jdk.internal.reflect.DirectMethodHandleAccessor.invoke(DirectMethodHandleAccessor.java:103)
at java.base/java.lang.reflect.Method.invoke(Method.java:580)
at org.testng.internal.invokers.MethodInvocationHelper.invokeMethod(MethodInvocationHelper.java:141)
at org.testng.internal.invokers.TestInvoker.invokeMethod(TestInvoker.java:687)
at org.testng.internal.invokers.TestInvoker.invokeTestMethod(TestInvoker.java:230)
at org.testng.internal.invokers.MethodRunner.runInSequence(MethodRunner.java:63)
at org.testng.internal.invokers.TestInvoker$MethodInvocationAgent.invoke(TestInvoker.java:995)
at org.testng.internal.invokers.TestInvoker.invokeTestMethods(TestInvoker.java:203)
at org.testng.internal.invokers.TestMethodWorker.invokeTestMethods(TestMethodWorker.java:154)
at org.testng.internal.invokers.TestMethodWorker.run(TestMethodWorker.java:134)
at java.base/java.util.ArrayList.forEach(ArrayList.java:1596)
at org.testng.TestRunner.privateRun(TestRunner.java:741)
at org.testng.TestRunner.run(TestRunner.java:616)
at org.testng.SuiteRunner.runTest(SuiteRunner.java:421)
at org.testng.SuiteRunner.runSequentially(SuiteRunner.java:413)
at org.testng.SuiteRunner.privateRun(SuiteRunner.java:373)
at org.testng.SuiteRunner.run(SuiteRunner.java:312)
at org.testng.SuiteRunnerWorker.runSuite(SuiteRunnerWorker.java:52)
at org.testng.SuiteRunnerWorker.run(SuiteRunnerWorker.java:95)
at org.testng.TestNG.runSuitesSequentially(TestNG.java:1274)
at org.testng.TestNG.runSuitesLocally(TestNG.java:1208)
at org.testng.TestNG.runSuites(TestNG.java:1112)
at org.testng.TestNG.run(TestNG.java:1079)
at org.testng.remote.AbstractRemoteTestNG.run(AbstractRemoteTestNG.java:115)
at org.testng.remote.RemoteTestNG.initAndRun(RemoteTestNG.java:293)
at org.testng.remote.RemoteTestNG.main(RemoteTestNG.java:91)
Caused by: org.openqa.selenium.NoSuchWindowException: no such window: target window already closed
from unknown error: web view not found
  (Session info: chrome=146.0.7680.178)
Build info: version: '4.41.0', revision: '9fc754f'
System info: os.name: 'Windows 11', os.arch: 'amd64', os.version: '10.0', java.version: '21.0.10'
Driver info: org.openqa.selenium.chrome.ChromeDriver
Command: [37abb149c6c5cfc8c0f6af9e290653cb, getTitle {}]
Capabilities {acceptInsecureCerts: false, browserName: chrome, browserVersion: 146.0.7680.178, chrome: {chromedriverVersion: 146.0.7680.165 (4b989da09e1..., userDataDir: C:\Users\2479744\AppData\Lo...}, fedcm:accounts: true, goog:chromeOptions: {debuggerAddress: localhost:50964}, goog:processID: 14108, networkConnectionEnabled: false, pageLoadStrategy: normal, platformName: windows, proxy: Proxy(), se:cdp: ws://localhost:50964/devtoo..., se:cdpVersion: 146.0.7680.178, setWindowRect: true, strictFileInteractability: false, timeouts: {implicit: 0, pageLoad: 300000, script: 30000}, unhandledPromptBehavior: dismiss and notify, webauthn:extension:credBlob: true, webauthn:extension:largeBlob: true, webauthn:extension:minPinLength: true, webauthn:extension:prf: true, webauthn:virtualAuthenticators: true}
Session ID: 37abb149c6c5cfc8c0f6af9e290653cb
at org.openqa.selenium.remote.ErrorCodec.decode(ErrorCodec.java:169)
at org.openqa.selenium.remote.codec.w3c.W3CHttpResponseCodec.decode(W3CHttpResponseCodec.java:142)
at org.openqa.selenium.remote.codec.w3c.W3CHttpResponseCodec.decode(W3CHttpResponseCodec.java:49)
at org.openqa.selenium.remote.HttpCommandExecutor.execute(HttpCommandExecutor.java:223)
at org.openqa.selenium.remote.service.DriverCommandExecutor.invokeExecute(DriverCommandExecutor.java:216)
at org.openqa.selenium.remote.service.DriverCommandExecutor.execute(DriverCommandExecutor.java:174)
at org.openqa.selenium.remote.RemoteWebDriver.execute(RemoteWebDriver.java:604)
at org.openqa.selenium.remote.RemoteWebDriver.execute(RemoteWebDriver.java:686)
at org.openqa.selenium.remote.RemoteWebDriver.execute(RemoteWebDriver.java:690)
at org.openqa.selenium.remote.RemoteWebDriver.getTitle(RemoteWebDriver.java:377)
at org.openqa.selenium.support.ui.ExpectedConditions$1.apply(ExpectedConditions.java:64)
at org.openqa.selenium.support.ui.ExpectedConditions$1.apply(ExpectedConditions.java:59)
at org.openqa.selenium.support.ui.FluentWait.until(FluentWait.java:209)
... 27 more
]]>
            </full-stacktrace>
          </exception> <!-- org.openqa.selenium.TimeoutException -->
          <reporter-output>
          </reporter-output>
        </test-method> <!-- HomePageVerify -->
        <test-method signature="SearchBox()[pri:0, instance:Amazon.TestCase.AmazonSearchTest@1573f9fc]" started-at="2026-05-06T11:35:26 IST" name="SearchBox" finished-at="2026-05-06T11:35:26 IST" depends-on-methods="Amazon.TestCase.AmazonSearchTest.HomePageVerify" duration-ms="0" status="SKIP">
          <exception class="java.lang.Throwable">
            <message>
              <![CDATA[Method Amazon.TestCase.AmazonSearchTest.SearchBox() on instance Amazon.TestCase.AmazonSearchTest@1573f9fc depends on not successfully finished methods 
[Amazon.TestCase.AmazonSearchTest.HomePageVerify() on instance Amazon.TestCase.AmazonSearchTest@1573f9fc]]]>
            </message>
            <full-stacktrace>
              <![CDATA[java.lang.Throwable: Method Amazon.TestCase.AmazonSearchTest.SearchBox() on instance Amazon.TestCase.AmazonSearchTest@1573f9fc depends on not successfully finished methods 
[Amazon.TestCase.AmazonSearchTest.HomePageVerify() on instance Amazon.TestCase.AmazonSearchTest@1573f9fc]
at org.testng.internal.invokers.TestInvoker.invokeTestMethods(TestInvoker.java:159)
at org.testng.internal.invokers.TestMethodWorker.invokeTestMethods(TestMethodWorker.java:154)
at org.testng.internal.invokers.TestMethodWorker.run(TestMethodWorker.java:134)
at java.base/java.util.ArrayList.forEach(ArrayList.java:1596)
at org.testng.TestRunner.privateRun(TestRunner.java:741)
at org.testng.TestRunner.run(TestRunner.java:616)
at org.testng.SuiteRunner.runTest(SuiteRunner.java:421)
at org.testng.SuiteRunner.runSequentially(SuiteRunner.java:413)
at org.testng.SuiteRunner.privateRun(SuiteRunner.java:373)
at org.testng.SuiteRunner.run(SuiteRunner.java:312)
at org.testng.SuiteRunnerWorker.runSuite(SuiteRunnerWorker.java:52)
at org.testng.SuiteRunnerWorker.run(SuiteRunnerWorker.java:95)
at org.testng.TestNG.runSuitesSequentially(TestNG.java:1274)
at org.testng.TestNG.runSuitesLocally(TestNG.java:1208)
at org.testng.TestNG.runSuites(TestNG.java:1112)
at org.testng.TestNG.run(TestNG.java:1079)
at org.testng.remote.AbstractRemoteTestNG.run(AbstractRemoteTestNG.java:115)
at org.testng.remote.RemoteTestNG.initAndRun(RemoteTestNG.java:293)
at org.testng.remote.RemoteTestNG.main(RemoteTestNG.java:91)
]]>
            </full-stacktrace>
          </exception> <!-- java.lang.Throwable -->
          <reporter-output>
          </reporter-output>
        </test-method> <!-- SearchBox -->
        <test-method signature="SearchPage()[pri:0, instance:Amazon.TestCase.AmazonSearchTest@1573f9fc]" started-at="2026-05-06T11:35:26 IST" name="SearchPage" finished-at="2026-05-06T11:35:26 IST" depends-on-methods="Amazon.TestCase.AmazonSearchTest.SearchBox" duration-ms="0" status="SKIP">
          <exception class="java.lang.Throwable">
            <message>
              <![CDATA[Method Amazon.TestCase.AmazonSearchTest.SearchPage() on instance Amazon.TestCase.AmazonSearchTest@1573f9fc depends on not successfully finished methods 
[Amazon.TestCase.AmazonSearchTest.SearchBox() on instance Amazon.TestCase.AmazonSearchTest@1573f9fc]]]>
            </message>
            <full-stacktrace>
              <![CDATA[java.lang.Throwable: Method Amazon.TestCase.AmazonSearchTest.SearchPage() on instance Amazon.TestCase.AmazonSearchTest@1573f9fc depends on not successfully finished methods 
[Amazon.TestCase.AmazonSearchTest.SearchBox() on instance Amazon.TestCase.AmazonSearchTest@1573f9fc]
at org.testng.internal.invokers.TestInvoker.invokeTestMethods(TestInvoker.java:159)
at org.testng.internal.invokers.TestMethodWorker.invokeTestMethods(TestMethodWorker.java:154)
at org.testng.internal.invokers.TestMethodWorker.run(TestMethodWorker.java:134)
at java.base/java.util.ArrayList.forEach(ArrayList.java:1596)
at org.testng.TestRunner.privateRun(TestRunner.java:741)
at org.testng.TestRunner.run(TestRunner.java:616)
at org.testng.SuiteRunner.runTest(SuiteRunner.java:421)
at org.testng.SuiteRunner.runSequentially(SuiteRunner.java:413)
at org.testng.SuiteRunner.privateRun(SuiteRunner.java:373)
at org.testng.SuiteRunner.run(SuiteRunner.java:312)
at org.testng.SuiteRunnerWorker.runSuite(SuiteRunnerWorker.java:52)
at org.testng.SuiteRunnerWorker.run(SuiteRunnerWorker.java:95)
at org.testng.TestNG.runSuitesSequentially(TestNG.java:1274)
at org.testng.TestNG.runSuitesLocally(TestNG.java:1208)
at org.testng.TestNG.runSuites(TestNG.java:1112)
at org.testng.TestNG.run(TestNG.java:1079)
at org.testng.remote.AbstractRemoteTestNG.run(AbstractRemoteTestNG.java:115)
at org.testng.remote.RemoteTestNG.initAndRun(RemoteTestNG.java:293)
at org.testng.remote.RemoteTestNG.main(RemoteTestNG.java:91)
]]>
            </full-stacktrace>
          </exception> <!-- java.lang.Throwable -->
          <reporter-output>
          </reporter-output>
        </test-method> <!-- SearchPage -->
        <test-method signature="SearchPageValidate()[pri:0, instance:Amazon.TestCase.AmazonSearchTest@1573f9fc]" started-at="2026-05-06T11:35:26 IST" name="SearchPageValidate" finished-at="2026-05-06T11:35:26 IST" depends-on-methods="Amazon.TestCase.AmazonSearchTest.SearchPage" duration-ms="0" status="SKIP">
          <exception class="java.lang.Throwable">
            <message>
              <![CDATA[Method Amazon.TestCase.AmazonSearchTest.SearchPageValidate() on instance Amazon.TestCase.AmazonSearchTest@1573f9fc depends on not successfully finished methods 
[Amazon.TestCase.AmazonSearchTest.SearchPage() on instance Amazon.TestCase.AmazonSearchTest@1573f9fc]]]>
            </message>
            <full-stacktrace>
              <![CDATA[java.lang.Throwable: Method Amazon.TestCase.AmazonSearchTest.SearchPageValidate() on instance Amazon.TestCase.AmazonSearchTest@1573f9fc depends on not successfully finished methods 
[Amazon.TestCase.AmazonSearchTest.SearchPage() on instance Amazon.TestCase.AmazonSearchTest@1573f9fc]
at org.testng.internal.invokers.TestInvoker.invokeTestMethods(TestInvoker.java:159)
at org.testng.internal.invokers.TestMethodWorker.invokeTestMethods(TestMethodWorker.java:154)
at org.testng.internal.invokers.TestMethodWorker.run(TestMethodWorker.java:134)
at java.base/java.util.ArrayList.forEach(ArrayList.java:1596)
at org.testng.TestRunner.privateRun(TestRunner.java:741)
at org.testng.TestRunner.run(TestRunner.java:616)
at org.testng.SuiteRunner.runTest(SuiteRunner.java:421)
at org.testng.SuiteRunner.runSequentially(SuiteRunner.java:413)
at org.testng.SuiteRunner.privateRun(SuiteRunner.java:373)
at org.testng.SuiteRunner.run(SuiteRunner.java:312)
at org.testng.SuiteRunnerWorker.runSuite(SuiteRunnerWorker.java:52)
at org.testng.SuiteRunnerWorker.run(SuiteRunnerWorker.java:95)
at org.testng.TestNG.runSuitesSequentially(TestNG.java:1274)
at org.testng.TestNG.runSuitesLocally(TestNG.java:1208)
at org.testng.TestNG.runSuites(TestNG.java:1112)
at org.testng.TestNG.run(TestNG.java:1079)
at org.testng.remote.AbstractRemoteTestNG.run(AbstractRemoteTestNG.java:115)
at org.testng.remote.RemoteTestNG.initAndRun(RemoteTestNG.java:293)
at org.testng.remote.RemoteTestNG.main(RemoteTestNG.java:91)
]]>
            </full-stacktrace>
          </exception> <!-- java.lang.Throwable -->
          <reporter-output>
          </reporter-output>
        </test-method> <!-- SearchPageValidate -->
        <test-method signature="SearchPageSort()[pri:0, instance:Amazon.TestCase.AmazonSearchTest@1573f9fc]" started-at="2026-05-06T11:35:26 IST" name="SearchPageSort" finished-at="2026-05-06T11:35:26 IST" depends-on-methods="Amazon.TestCase.AmazonSearchTest.SearchPageValidate" duration-ms="1" status="SKIP">
          <exception class="java.lang.Throwable">
            <message>
              <![CDATA[Method Amazon.TestCase.AmazonSearchTest.SearchPageSort() on instance Amazon.TestCase.AmazonSearchTest@1573f9fc depends on not successfully finished methods 
[Amazon.TestCase.AmazonSearchTest.SearchPageValidate() on instance Amazon.TestCase.AmazonSearchTest@1573f9fc]]]>
            </message>
            <full-stacktrace>
              <![CDATA[java.lang.Throwable: Method Amazon.TestCase.AmazonSearchTest.SearchPageSort() on instance Amazon.TestCase.AmazonSearchTest@1573f9fc depends on not successfully finished methods 
[Amazon.TestCase.AmazonSearchTest.SearchPageValidate() on instance Amazon.TestCase.AmazonSearchTest@1573f9fc]
at org.testng.internal.invokers.TestInvoker.invokeTestMethods(TestInvoker.java:159)
at org.testng.internal.invokers.TestMethodWorker.invokeTestMethods(TestMethodWorker.java:154)
at org.testng.internal.invokers.TestMethodWorker.run(TestMethodWorker.java:134)
at java.base/java.util.ArrayList.forEach(ArrayList.java:1596)
at org.testng.TestRunner.privateRun(TestRunner.java:741)
at org.testng.TestRunner.run(TestRunner.java:616)
at org.testng.SuiteRunner.runTest(SuiteRunner.java:421)
at org.testng.SuiteRunner.runSequentially(SuiteRunner.java:413)
at org.testng.SuiteRunner.privateRun(SuiteRunner.java:373)
at org.testng.SuiteRunner.run(SuiteRunner.java:312)
at org.testng.SuiteRunnerWorker.runSuite(SuiteRunnerWorker.java:52)
at org.testng.SuiteRunnerWorker.run(SuiteRunnerWorker.java:95)
at org.testng.TestNG.runSuitesSequentially(TestNG.java:1274)
at org.testng.TestNG.runSuitesLocally(TestNG.java:1208)
at org.testng.TestNG.runSuites(TestNG.java:1112)
at org.testng.TestNG.run(TestNG.java:1079)
at org.testng.remote.AbstractRemoteTestNG.run(AbstractRemoteTestNG.java:115)
at org.testng.remote.RemoteTestNG.initAndRun(RemoteTestNG.java:293)
at org.testng.remote.RemoteTestNG.main(RemoteTestNG.java:91)
]]>
            </full-stacktrace>
          </exception> <!-- java.lang.Throwable -->
          <reporter-output>
          </reporter-output>
        </test-method> <!-- SearchPageSort -->
        <test-method signature="GetTop5Phones()[pri:0, instance:Amazon.TestCase.AmazonSearchTest@1573f9fc]" started-at="2026-05-06T11:35:26 IST" name="GetTop5Phones" finished-at="2026-05-06T11:35:26 IST" depends-on-methods="Amazon.TestCase.AmazonSearchTest.SearchPageSort" duration-ms="0" status="SKIP">
          <exception class="java.lang.Throwable">
            <message>
              <![CDATA[Method Amazon.TestCase.AmazonSearchTest.GetTop5Phones() on instance Amazon.TestCase.AmazonSearchTest@1573f9fc depends on not successfully finished methods 
[Amazon.TestCase.AmazonSearchTest.SearchPageSort() on instance Amazon.TestCase.AmazonSearchTest@1573f9fc]]]>
            </message>
            <full-stacktrace>
              <![CDATA[java.lang.Throwable: Method Amazon.TestCase.AmazonSearchTest.GetTop5Phones() on instance Amazon.TestCase.AmazonSearchTest@1573f9fc depends on not successfully finished methods 
[Amazon.TestCase.AmazonSearchTest.SearchPageSort() on instance Amazon.TestCase.AmazonSearchTest@1573f9fc]
at org.testng.internal.invokers.TestInvoker.invokeTestMethods(TestInvoker.java:159)
at org.testng.internal.invokers.TestMethodWorker.invokeTestMethods(TestMethodWorker.java:154)
at org.testng.internal.invokers.TestMethodWorker.run(TestMethodWorker.java:134)
at java.base/java.util.ArrayList.forEach(ArrayList.java:1596)
at org.testng.TestRunner.privateRun(TestRunner.java:741)
at org.testng.TestRunner.run(TestRunner.java:616)
at org.testng.SuiteRunner.runTest(SuiteRunner.java:421)
at org.testng.SuiteRunner.runSequentially(SuiteRunner.java:413)
at org.testng.SuiteRunner.privateRun(SuiteRunner.java:373)
at org.testng.SuiteRunner.run(SuiteRunner.java:312)
at org.testng.SuiteRunnerWorker.runSuite(SuiteRunnerWorker.java:52)
at org.testng.SuiteRunnerWorker.run(SuiteRunnerWorker.java:95)
at org.testng.TestNG.runSuitesSequentially(TestNG.java:1274)
at org.testng.TestNG.runSuitesLocally(TestNG.java:1208)
at org.testng.TestNG.runSuites(TestNG.java:1112)
at org.testng.TestNG.run(TestNG.java:1079)
at org.testng.remote.AbstractRemoteTestNG.run(AbstractRemoteTestNG.java:115)
at org.testng.remote.RemoteTestNG.initAndRun(RemoteTestNG.java:293)
at org.testng.remote.RemoteTestNG.main(RemoteTestNG.java:91)
]]>
            </full-stacktrace>
          </exception> <!-- java.lang.Throwable -->
          <reporter-output>
          </reporter-output>
        </test-method> <!-- GetTop5Phones -->
        <test-method is-config="true" signature="afterClass()[pri:0, instance:Amazon.TestCase.AmazonSearchTest@1573f9fc]" started-at="2026-05-06T11:35:26 IST" name="afterClass" finished-at="2026-05-06T11:35:30 IST" duration-ms="4331" status="PASS">
          <reporter-output>
          </reporter-output>
        </test-method> <!-- afterClass -->
      </class> <!-- Amazon.TestCase.AmazonSearchTest -->
    </test> <!-- Default test -->
  </suite> <!-- Default suite -->
</testng-results>
