<?xml version="1.0" encoding="UTF-8"?>
<testng-results ignored="0" total="2" passed="2" failed="0" skipped="0">
  <reporter-output>
    <line>
      <![CDATA[Mobile Error: Please enter a valid mobile number or email address.]]>
    </line>
    <line>
      <![CDATA[Password Error: Enter a combination of at least six numbers, letters and punctuation marks (such as ! and &).]]>
    </line>
  </reporter-output>
  <suite started-at="2026-04-17T17:00:18 IST" name="Suite" finished-at="2026-04-17T17:00:59 IST" duration-ms="40908">
    <groups>
    </groups>
    <test started-at="2026-04-17T17:00:18 IST" name="Test" finished-at="2026-04-17T17:00:59 IST" duration-ms="40908">
      <class name="test.AccountCreationTesting">
        <test-method is-config="true" signature="setup()[pri:0, instance:test.AccountCreationTesting@f5958c9]" started-at="2026-04-17T17:00:18 IST" name="setup" finished-at="2026-04-17T17:00:32 IST" duration-ms="14350" status="PASS">
          <reporter-output>
          </reporter-output>
        </test-method> <!-- setup -->
        <test-method signature="verifyPageTitle()[pri:0, instance:test.AccountCreationTesting@f5958c9]" started-at="2026-04-17T17:00:33 IST" name="verifyPageTitle" finished-at="2026-04-17T17:00:33 IST" duration-ms="61" status="PASS">
          <reporter-output>
          </reporter-output>
        </test-method> <!-- verifyPageTitle -->
        <test-method signature="createAccount()[pri:1, instance:test.AccountCreationTesting@f5958c9]" started-at="2026-04-17T17:00:33 IST" name="createAccount" finished-at="2026-04-17T17:00:52 IST" duration-ms="19446" status="PASS">
          <reporter-output>
            <line>
              <![CDATA[Mobile Error: Please enter a valid mobile number or email address.]]>
            </line>
            <line>
              <![CDATA[Password Error: Enter a combination of at least six numbers, letters and punctuation marks (such as ! and &).]]>
            </line>
          </reporter-output>
        </test-method> <!-- createAccount -->
        <test-method is-config="true" signature="tearDown()[pri:0, instance:test.AccountCreationTesting@f5958c9]" started-at="2026-04-17T17:00:52 IST" name="tearDown" finished-at="2026-04-17T17:00:59 IST" duration-ms="6881" status="PASS">
          <reporter-output>
          </reporter-output>
        </test-method> <!-- tearDown -->
      </class> <!-- test.AccountCreationTesting -->
    </test> <!-- Test -->
  </suite> <!-- Suite -->
</testng-results>
