<?xml version="1.0" encoding="UTF-8"?>
<testsuite xmlns:xsi="http://www.w3.org/2001/XMLSchema-instance" xsi:noNamespaceSchemaLocation="https://maven.apache.org/surefire/maven-surefire-plugin/xsd/surefire-test-report-3.0.xsd" version="3.0" name="TestSuite" time="33.131" tests="4" errors="0" skipped="0" failures="0">
  <properties>
[...]
</properties>
  <testcase name="navigateToAlertsPage" classname="testcases.AlertsFunctionalTest" time="4.665">
    <system-out><![CDATA[Browser: chrome | URL: https://demo.automationtesting.in/Alerts.html
Navigated to Alerts page via SwitchTo menu.
]]></system-out>
    <system-err><![CDATA[SLF4J: Failed to load class "org.slf4j.impl.StaticLoggerBinder".
SLF4J: Defaulting to no-operation (NOP) logger implementation
SLF4J: See http://www.slf4j.org/codes.html#StaticLoggerBinder for further details.
Apr 20, 2026 4:13:11 PM org.openqa.selenium.devtools.CdpVersionFinder findNearestMatch
WARNING: Unable to find CDP implementation matching 146
Apr 20, 2026 4:13:11 PM org.openqa.selenium.chromium.ChromiumDriver lambda$new$5
WARNING: Unable to find version of CDP to use for 146.0.7680.80. You may need to include a dependency on a specific version of the CDP using something similar to `org.seleniumhq.selenium:selenium-devtools-v86:4.11.0` where the version ("v86") matches the version of the chromium-based browser you're using and the version number of the artifact is the same as Selenium's.
]]></system-err>
  </testcase>
  <testcase name="verifyAlertTextAndAccept" classname="testcases.AlertsFunctionalTest" time="0.483">
    <system-out><![CDATA[Expected: 'I am an alert box!' | Actual: 'I am an alert box!'
PASS: Simple alert verified and accepted.
]]></system-out>
  </testcase>
  <testcase name="verifyConfirmCancel" classname="testcases.AlertsFunctionalTest" time="0.502">
    <system-out><![CDATA[Expected: 'You Pressed Cancel' | Actual: 'You Pressed Cancel'
PASS: Confirm cancel message verified.
]]></system-out>
  </testcase>
  <testcase name="verifyPromptInput" classname="testcases.AlertsFunctionalTest" time="0.505">
    <system-out><![CDATA[Input: 'Vaibhav' | Expected: 'Hello Vaibhav How are you today' | Actual: 'Hello Vaibhav How are you today'
]]></system-out>
  </testcase>
</testsuite>