<?xml version="1.0" encoding="UTF-8"?>
<!-- Generated by org.testng.reporters.JUnitReportReporter -->
<testsuite hostname="LTIN718733" failures="0" tests="5" name="com.tests.SearchResultTests" time="19.526" errors="0" timestamp="2026-04-13T14:45:50 IST" skipped="0">
  <testcase classname="com.tests.SearchResultTests" name="ImagesTabTest" time="6.322"/>
  <testcase classname="com.tests.SearchResultTests" name="VideosTabTest" time="6.296"/>
  <testcase classname="com.tests.SearchResultTests" name="NewsTabTest" time="6.455"/>
  <testcase classname="com.tests.SearchResultTests" name="VerifyResultPage" time="0.010"/>
  <testcase classname="com.tests.SearchResultTests" name="AllTabTest" time="0.443"/>
</testsuite> <!-- com.tests.SearchResultTests -->
