<?xml version="1.0" encoding="UTF-8"?>
<!-- Generated by org.testng.reporters.JUnitReportReporter -->
<testsuite hostname="LTIN718733" failures="0" tests="5" name="com.tests.TestLanding" time="2.133" errors="0" timestamp="2026-04-05T15:11:13 IST" skipped="0">
  <testcase classname="com.tests.TestLanding" name="NoOfLinksInWebPage" time="0.922"/>
  <testcase classname="com.tests.TestLanding" name="VerifySearchText" time="0.128"/>
  <testcase classname="com.tests.TestLanding" name="NoOfSearchSuggestionDisplayed" time="0.799"/>
  <testcase classname="com.tests.TestLanding" name="VerifyHomePage" time="0.016"/>
  <testcase classname="com.tests.TestLanding" name="ScreenshotOfSearchSuggestion" time="0.268"/>
</testsuite> <!-- com.tests.TestLanding -->
