<?xml version="1.0" encoding="UTF-8"?>
<!-- Generated by org.testng.reporters.JUnitXMLReporter -->
<testsuite ignored="0" hostname="LTIN718440" failures="0" tests="4" name="Default test" time="70.712" errors="0" timestamp="2026-04-10T10:08:16 IST">
  <testcase classname="Tests.Testingpage" name="Check_SignIn" time="5.61"/>
  <testcase classname="Tests.Testingpage" name="Check_Text" time="7.111"/>
  <testcase classname="Tests.Testingpage" name="Check_SignupButtonEnabled" time="4.808"/>
  <testcase classname="Tests.Testingpage" name="CheckTextforInvalidEmail" time="4.473"/>
</testsuite> <!-- Default test -->
