<?xml version="1.0" encoding="UTF-8"?>
<testng-results ignored="0" total="9" passed="9" failed="0" skipped="0">
  <reporter-output>
    <line>
      <![CDATA[Landing page URL is correct<br>]]>
    </line>
    <line>
      <![CDATA[Landing page title is correct<br>]]>
    </line>
    <line>
      <![CDATA[Landing page UI loaded correctly<br>]]>
    </line>
    <line>
      <![CDATA[Clicking on Create Account link<br>]]>
    </line>
    <line>
      <![CDATA[Create Account page title validated successfully<br>]]>
    </line>
    <line>
      <![CDATA[Entering user name<br>]]>
    </line>
    <line>
      <![CDATA[Entering email ID<br>]]>
    </line>
    <line>
      <![CDATA[Checking email availability<br>]]>
    </line>
    <line>
      <![CDATA[Selecting auto-suggested email<br>]]>
    </line>
    <line>
      <![CDATA[Entering password<br>]]>
    </line>
    <line>
      <![CDATA[Re-entering password<br>]]>
    </line>
    <line>
      <![CDATA[Day dropdown is enabled<br>]]>
    </line>
    <line>
      <![CDATA[Month dropdown is enabled<br>]]>
    </line>
    <line>
      <![CDATA[Year dropdown is enabled<br>]]>
    </line>
    <line>
      <![CDATA[Selecting Date of Birth from dropdowns<br>]]>
    </line>
    <line>
      <![CDATA[Selecting gender<br>]]>
    </line>
    <line>
      <![CDATA[Country dropdown validated<br>]]>
    </line>
    <line>
      <![CDATA[Country dropdown is enabled<br>]]>
    </line>
    <line>
      <![CDATA[Country selected and validated<br>]]>
    </line>
    <line>
      <![CDATA[City dropdown is enabled<br>]]>
    </line>
    <line>
      <![CDATA[City selected successfully]]>
    </line>
    <line>
      <![CDATA[Alternate ID checkbox selected<br>]]>
    </line>
  </reporter-output>
  <suite started-at="2026-04-10T08:43:20 IST" name="Default suite" finished-at="2026-04-10T08:43:51 IST" duration-ms="31482">
    <groups>
    </groups>
    <test started-at="2026-04-10T08:43:20 IST" name="Default test" finished-at="2026-04-10T08:43:51 IST" duration-ms="31482">
      <class name="tests.DropdownTest">
        <test-method is-config="true" signature="setUp(java.lang.String)[pri:0, instance:tests.DropdownTest@4c12331b]" started-at="2026-04-10T08:43:20 IST" name="setUp" finished-at="2026-04-10T08:43:29 IST" duration-ms="9525" status="PASS">
          <params>
            <param index="0">
              <value>
                <![CDATA[chrome]]>
              </value>
            </param>
          </params>
          <reporter-output>
          </reporter-output>
        </test-method> <!-- setUp -->
        <test-method signature="validateLandingPage()[pri:0, instance:tests.DropdownTest@4c12331b]" started-at="2026-04-10T08:43:29 IST" name="validateLandingPage" finished-at="2026-04-10T08:43:30 IST" duration-ms="326" status="PASS">
          <reporter-output>
            <line>
              <![CDATA[Landing page URL is correct<br>]]>
            </line>
            <line>
              <![CDATA[Landing page title is correct<br>]]>
            </line>
            <line>
              <![CDATA[Landing page UI loaded correctly<br>]]>
            </line>
          </reporter-output>
        </test-method> <!-- validateLandingPage -->
        <test-method signature="createAccountTest()[pri:1, instance:tests.DropdownTest@4c12331b]" started-at="2026-04-10T08:43:30 IST" name="createAccountTest" finished-at="2026-04-10T08:43:31 IST" depends-on-methods="tests.DropdownTest.validateLandingPage" duration-ms="1232" status="PASS">
          <reporter-output>
            <line>
              <![CDATA[Clicking on Create Account link<br>]]>
            </line>
            <line>
              <![CDATA[Create Account page title validated successfully<br>]]>
            </line>
          </reporter-output>
        </test-method> <!-- createAccountTest -->
        <test-method signature="inputTest()[pri:2, instance:tests.DropdownTest@4c12331b]" started-at="2026-04-10T08:43:31 IST" name="inputTest" finished-at="2026-04-10T08:43:33 IST" depends-on-methods="tests.DropdownTest.createAccountTest" duration-ms="1817" status="PASS">
          <reporter-output>
            <line>
              <![CDATA[Entering user name<br>]]>
            </line>
            <line>
              <![CDATA[Entering email ID<br>]]>
            </line>
            <line>
              <![CDATA[Checking email availability<br>]]>
            </line>
            <line>
              <![CDATA[Selecting auto-suggested email<br>]]>
            </line>
            <line>
              <![CDATA[Entering password<br>]]>
            </line>
            <line>
              <![CDATA[Re-entering password<br>]]>
            </line>
          </reporter-output>
        </test-method> <!-- inputTest -->
        <test-method signature="testDOB_Dropdown()[pri:3, instance:tests.DropdownTest@4c12331b]" started-at="2026-04-10T08:43:33 IST" name="testDOB_Dropdown" finished-at="2026-04-10T08:43:34 IST" depends-on-methods="tests.DropdownTest.inputTest" duration-ms="1234" status="PASS">
          <reporter-output>
            <line>
              <![CDATA[Day dropdown is enabled<br>]]>
            </line>
            <line>
              <![CDATA[Month dropdown is enabled<br>]]>
            </line>
            <line>
              <![CDATA[Year dropdown is enabled<br>]]>
            </line>
            <line>
              <![CDATA[Selecting Date of Birth from dropdowns<br>]]>
            </line>
          </reporter-output>
        </test-method> <!-- testDOB_Dropdown -->
        <test-method signature="testGender()[pri:4, instance:tests.DropdownTest@4c12331b]" started-at="2026-04-10T08:43:34 IST" name="testGender" finished-at="2026-04-10T08:43:34 IST" depends-on-methods="tests.DropdownTest.testDOB_Dropdown" duration-ms="232" status="PASS">
          <reporter-output>
            <line>
              <![CDATA[Selecting gender<br>]]>
            </line>
          </reporter-output>
        </test-method> <!-- testGender -->
        <test-method signature="testCountryDropdown()[pri:5, instance:tests.DropdownTest@4c12331b]" started-at="2026-04-10T08:43:34 IST" name="testCountryDropdown" finished-at="2026-04-10T08:43:42 IST" depends-on-methods="tests.DropdownTest.testGender" duration-ms="7875" status="PASS">
          <reporter-output>
            <line>
              <![CDATA[Country dropdown validated<br>]]>
            </line>
          </reporter-output>
        </test-method> <!-- testCountryDropdown -->
        <test-method signature="validateCountrySelection()[pri:6, instance:tests.DropdownTest@4c12331b]" started-at="2026-04-10T08:43:42 IST" name="validateCountrySelection" finished-at="2026-04-10T08:43:43 IST" depends-on-methods="tests.DropdownTest.testCountryDropdown" duration-ms="509" status="PASS">
          <reporter-output>
            <line>
              <![CDATA[Country dropdown is enabled<br>]]>
            </line>
            <line>
              <![CDATA[Country selected and validated<br>]]>
            </line>
          </reporter-output>
        </test-method> <!-- validateCountrySelection -->
        <test-method signature="testCityDropdown()[pri:7, instance:tests.DropdownTest@4c12331b]" started-at="2026-04-10T08:43:43 IST" name="testCityDropdown" finished-at="2026-04-10T08:43:43 IST" depends-on-methods="tests.DropdownTest.validateCountrySelection" duration-ms="645" status="PASS">
          <reporter-output>
            <line>
              <![CDATA[City dropdown is enabled<br>]]>
            </line>
            <line>
              <![CDATA[City selected successfully]]>
            </line>
          </reporter-output>
        </test-method> <!-- testCityDropdown -->
        <test-method signature="testAlternateIdCheckBox()[pri:8, instance:tests.DropdownTest@4c12331b]" started-at="2026-04-10T08:43:43 IST" name="testAlternateIdCheckBox" finished-at="2026-04-10T08:43:44 IST" depends-on-methods="tests.DropdownTest.testCityDropdown" duration-ms="314" status="PASS">
          <reporter-output>
            <line>
              <![CDATA[Alternate ID checkbox selected<br>]]>
            </line>
          </reporter-output>
        </test-method> <!-- testAlternateIdCheckBox -->
        <test-method is-config="true" signature="tearDown()[pri:0, instance:tests.DropdownTest@4c12331b]" started-at="2026-04-10T08:43:44 IST" name="tearDown" finished-at="2026-04-10T08:43:51 IST" duration-ms="7487" status="PASS">
          <reporter-output>
          </reporter-output>
        </test-method> <!-- tearDown -->
      </class> <!-- tests.DropdownTest -->
    </test> <!-- Default test -->
  </suite> <!-- Default suite -->
</testng-results>
