<?xml version="1.0" encoding="UTF-8"?>
<testng-results ignored="0" total="2" passed="2" failed="0" skipped="0">
  <reporter-output>
  </reporter-output>
  <suite started-at="2026-04-21T09:19:45 IST" name="Surefire suite" finished-at="2026-04-21T09:20:32 IST" duration-ms="47510">
    <groups>
    </groups>
    <test started-at="2026-04-21T09:19:45 IST" name="Surefire test" finished-at="2026-04-21T09:20:32 IST" duration-ms="47510">
      <class name="tests.TrainSearchTest">
        <test-method is-config="true" signature="setup()[pri:0, instance:tests.TrainSearchTest@18ce0030]" started-at="2026-04-21T09:19:45 IST" name="setup" finished-at="2026-04-21T09:19:56 IST" duration-ms="11362" status="PASS">
          <reporter-output>
          </reporter-output>
        </test-method> <!-- setup -->
        <test-method signature="verifyPageLaunch()[pri:0, instance:tests.TrainSearchTest@18ce0030]" started-at="2026-04-21T09:19:56 IST" name="verifyPageLaunch" description="Verify IRCTC home page is launched correctly" finished-at="2026-04-21T09:19:56 IST" duration-ms="112" status="PASS">
          <reporter-output>
          </reporter-output>
        </test-method> <!-- verifyPageLaunch -->
        <test-method signature="verifyTrainSearch()[pri:1, instance:tests.TrainSearchTest@18ce0030]" started-at="2026-04-21T09:19:56 IST" name="verifyTrainSearch" description="Verify train search from HYD to PUNE with Sleeper class" finished-at="2026-04-21T09:20:25 IST" duration-ms="28453" status="PASS">
          <reporter-output>
          </reporter-output>
        </test-method> <!-- verifyTrainSearch -->
        <test-method is-config="true" signature="tearDown()[pri:0, instance:tests.TrainSearchTest@18ce0030]" started-at="2026-04-21T09:20:25 IST" name="tearDown" finished-at="2026-04-21T09:20:32 IST" duration-ms="7469" status="PASS">
          <reporter-output>
          </reporter-output>
        </test-method> <!-- tearDown -->
      </class> <!-- tests.TrainSearchTest -->
    </test> <!-- Surefire test -->
  </suite> <!-- Surefire suite -->
</testng-results>
