<?xml version="1.0" encoding="UTF-8"?>
<!-- Generated by org.testng.reporters.JUnitReportReporter -->
<testsuite hostname="LTIN719428" failures="0" tests="2" name="com.cognizant.hotelmanagement.TrivagoTest" time="56.581" errors="0" timestamp="2026-04-03T15:26:30 IST" skipped="0">
  <testcase classname="com.cognizant.hotelmanagement.TrivagoTest" name="testcase" time="23.958">
    <system-out>
      <![CDATA[Test Passed]]>
    </system-out>
  </testcase> <!-- testcase -->
  <testcase classname="com.cognizant.hotelmanagement.TrivagoTest" name="testcase" time="32.623">
    <system-out>
      <![CDATA[Test Passed]]>
    </system-out>
  </testcase> <!-- testcase -->
  <system-out>
    <![CDATA[Test Passed
Test Passed]]>
  </system-out>
</testsuite> <!-- com.cognizant.hotelmanagement.TrivagoTest -->
