<?xml version="1.0" encoding="UTF-8"?>
<testng-results ignored="0" total="3" passed="3" failed="0" skipped="0">
  <reporter-output>
  </reporter-output>
  <suite started-at="2026-04-10T14:14:29 IST" name="Default suite" finished-at="2026-04-10T14:14:39 IST" duration-ms="9842">
    <groups>
    </groups>
    <test started-at="2026-04-10T14:14:29 IST" name="Default test" finished-at="2026-04-10T14:14:39 IST" duration-ms="9842">
      <class name="tests.EcommerceTest">
        <test-method is-config="true" signature="setUp()[pri:0, instance:tests.EcommerceTest@185a6e9]" started-at="2026-04-10T14:14:23 IST" name="setUp" finished-at="2026-04-10T14:14:29 IST" duration-ms="5844" status="PASS">
          <reporter-output>
          </reporter-output>
        </test-method> <!-- setUp -->
        <test-method signature="loginFlowTest()[pri:1, instance:tests.EcommerceTest@185a6e9]" started-at="2026-04-10T14:14:29 IST" name="loginFlowTest" finished-at="2026-04-10T14:14:32 IST" duration-ms="2928" status="PASS">
          <reporter-output>
          </reporter-output>
        </test-method> <!-- loginFlowTest -->
        <test-method is-config="true" signature="handleTestResult(org.testng.ITestResult)[pri:0, instance:tests.EcommerceTest@185a6e9]" started-at="2026-04-10T14:14:32 IST" name="handleTestResult" finished-at="2026-04-10T14:14:32 IST" duration-ms="0" status="PASS">
          <params>
            <param index="0">
              <value>
                <![CDATA[[TestResult name=loginFlowTest status=SUCCESS method=EcommerceTest.loginFlowTest()[pri:1, instance:tests.EcommerceTest@185a6e9] output={null}]]]>
              </value>
            </param>
          </params>
          <reporter-output>
          </reporter-output>
        </test-method> <!-- handleTestResult -->
        <test-method signature="productSearchFlow()[pri:2, instance:tests.EcommerceTest@185a6e9]" started-at="2026-04-10T14:14:32 IST" name="productSearchFlow" finished-at="2026-04-10T14:14:35 IST" duration-ms="3004" status="PASS">
          <reporter-output>
          </reporter-output>
        </test-method> <!-- productSearchFlow -->
        <test-method is-config="true" signature="handleTestResult(org.testng.ITestResult)[pri:0, instance:tests.EcommerceTest@185a6e9]" started-at="2026-04-10T14:14:35 IST" name="handleTestResult" finished-at="2026-04-10T14:14:35 IST" duration-ms="1" status="PASS">
          <params>
            <param index="0">
              <value>
                <![CDATA[[TestResult name=productSearchFlow status=SUCCESS method=EcommerceTest.productSearchFlow()[pri:2, instance:tests.EcommerceTest@185a6e9] output={null}]]]>
              </value>
            </param>
          </params>
          <reporter-output>
          </reporter-output>
        </test-method> <!-- handleTestResult -->
        <test-method signature="cartCheckOutFlow()[pri:3, instance:tests.EcommerceTest@185a6e9]" started-at="2026-04-10T14:14:35 IST" name="cartCheckOutFlow" finished-at="2026-04-10T14:14:39 IST" duration-ms="3795" status="PASS">
          <reporter-output>
          </reporter-output>
        </test-method> <!-- cartCheckOutFlow -->
        <test-method is-config="true" signature="handleTestResult(org.testng.ITestResult)[pri:0, instance:tests.EcommerceTest@185a6e9]" started-at="2026-04-10T14:14:39 IST" name="handleTestResult" finished-at="2026-04-10T14:14:39 IST" duration-ms="0" status="PASS">
          <params>
            <param index="0">
              <value>
                <![CDATA[[TestResult name=cartCheckOutFlow status=SUCCESS method=EcommerceTest.cartCheckOutFlow()[pri:3, instance:tests.EcommerceTest@185a6e9] output={null}]]]>
              </value>
            </param>
          </params>
          <reporter-output>
          </reporter-output>
        </test-method> <!-- handleTestResult -->
        <test-method is-config="true" signature="tearDown()[pri:0, instance:tests.EcommerceTest@185a6e9]" started-at="2026-04-10T14:14:39 IST" name="tearDown" finished-at="2026-04-10T14:14:43 IST" duration-ms="4482" status="PASS">
          <reporter-output>
          </reporter-output>
        </test-method> <!-- tearDown -->
      </class> <!-- tests.EcommerceTest -->
    </test> <!-- Default test -->
  </suite> <!-- Default suite -->
</testng-results>
