<?xml version="1.0" encoding="UTF-8"?>
<!-- Generated by org.testng.reporters.JUnitReportReporter -->
<testsuite hostname="LTIN717930" failures="0" tests="4" name="testcases.NewTest" time="94.456" errors="0" timestamp="2026-05-07T17:31:07 IST" skipped="0">
  <testcase classname="testcases.NewTest" name="searchProduct" time="11.910"/>
  <testcase classname="testcases.NewTest" name="createDriver" time="51.190"/>
  <testcase classname="testcases.NewTest" name="selectAndAddToCart" time="29.898"/>
  <testcase classname="testcases.NewTest" name="validatePage" time="1.458"/>
</testsuite> <!-- testcases.NewTest -->
