<?xml version="1.0" encoding="UTF-8"?>
<!-- Generated by org.testng.reporters.JUnitReportReporter -->
<testsuite hostname="LTIN718440" failures="0" tests="4" name="Tests.Testingpage" time="22.002" errors="0" timestamp="2026-04-10T10:08:17 IST" skipped="0">
  <testcase classname="Tests.Testingpage" name="Check_SignupButtonEnabled" time="4.808">
    <system-out>
      <![CDATA[Login Button verified]]>
    </system-out>
  </testcase> <!-- Check_SignupButtonEnabled -->
  <testcase classname="Tests.Testingpage" name="Check_SignIn" time="5.610">
    <system-out>
      <![CDATA[sign_In-Testcase passed]]>
    </system-out>
  </testcase> <!-- Check_SignIn -->
  <testcase classname="Tests.Testingpage" name="Check_Text" time="7.111">
    <system-out>
      <![CDATA[Check text-passed]]>
    </system-out>
  </testcase> <!-- Check_Text -->
  <testcase classname="Tests.Testingpage" name="CheckTextforInvalidEmail" time="4.473">
    <system-out>
      <![CDATA[Filling Incorrect Email - check obtained the Result text - passed]]>
    </system-out>
  </testcase> <!-- CheckTextforInvalidEmail -->
  <system-out>
    <![CDATA[sign_In-Testcase passed
Check text-passed
Login Button verified
Filling Incorrect Email - check obtained the Result text - passed]]>
  </system-out>
</testsuite> <!-- Tests.Testingpage -->
