<?xml version="1.0" encoding="UTF-8"?>
<!-- Generated by org.testng.reporters.JUnitReportReporter -->
<testsuite hostname="LTIN717796" failures="0" tests="3" name="test.TestMain" time="10.568" errors="0" timestamp="2026-04-21T14:49:44 IST" skipped="0">
  <testcase classname="test.TestMain" name="testNavigation" time="7.670"/>
  <testcase classname="test.TestMain" name="testBanner" time="1.064"/>
  <testcase classname="test.TestMain" name="testHolidayPackages" time="1.834"/>
</testsuite> <!-- test.TestMain -->
