<?xml version="1.0" encoding="UTF-8"?>
<!-- Generated by org.testng.reporters.JUnitXMLReporter -->
<testsuite ignored="0" hostname="LTIN717694" failures="0" tests="8" name="Default test" time="16.125" errors="0" timestamp="2026-04-07T18:04:05 IST">
  <testcase classname="tests.TestSearchPage" name="advancesSearch" time="1.359"/>
  <testcase classname="tests.TestSearchPage" name="selectCategory" time="0.983"/>
  <testcase classname="tests.TestSearchPage" name="searchInclude" time="0.079"/>
  <testcase classname="tests.TestSearchPage" name="conditioRadioBox" time="2.23"/>
  <testcase classname="tests.TestSearchPage" name="showResult" time="0.361"/>
  <testcase classname="tests.TestSearchPage" name="item_Location" time="0.171"/>
  <testcase classname="tests.TestSearchPage" name="searchClick" time="0.911"/>
  <testcase classname="tests.TestSearchPage" name="dataIntoExcel" time="9.734"/>
</testsuite> <!-- Default test -->
