<?xml version="1.0" encoding="UTF-8"?>
<!-- Generated by org.testng.reporters.JUnitXMLReporter -->
<testsuite ignored="0" hostname="LTIN719780" failures="0" tests="9" name="Surefire test" time="48.369" errors="0" timestamp="2026-04-21T11:48:36 IST">
  <testcase classname="tests.DropdownTest" name="validateLandingPage" time="6.053"/>
  <testcase classname="tests.DropdownTest" name="createAccountTest" time="2.983"/>
  <testcase classname="tests.DropdownTest" name="inputTest" time="3.99"/>
  <testcase classname="tests.DropdownTest" name="testDOB_Dropdown" time="1.635"/>
  <testcase classname="tests.DropdownTest" name="testGender" time="0.236"/>
  <testcase classname="tests.DropdownTest" name="testCountryDropdown" time="9.773"/>
  <testcase classname="tests.DropdownTest" name="validateCountrySelection" time="0.551"/>
  <testcase classname="tests.DropdownTest" name="testCityDropdown" time="0.47"/>
  <testcase classname="tests.DropdownTest" name="testAlternateIdCheckBox" time="0.349"/>
</testsuite> <!-- Surefire test -->
