<?xml version="1.0" encoding="UTF-8"?>
<!-- Generated by org.testng.reporters.JUnitXMLReporter -->
<testsuite ignored="0" hostname="LTIN718418" failures="0" tests="3" name="Default test" time="52.45" errors="0" timestamp="2026-04-13T10:56:33 IST">
  <testcase classname="testCases.TestFlipkart" name="testSearchAndVerify" time="12.978"/>
  <testcase classname="testCases.TestFlipkart" name="testFiltersAndSort" time="18.291"/>
  <testcase classname="testCases.TestFlipkart" name="testMobileValidation" time="0.47"/>
</testsuite> <!-- Default test -->
