<?xml version="1.0" encoding="UTF-8"?>
<!-- Generated by org.testng.reporters.JUnitXMLReporter -->
<testsuite ignored="0" hostname="LTIN719780" failures="0" tests="9" name="Chrome Test" time="31.773" errors="0" timestamp="2026-04-08T17:41:42 IST">
  <testcase classname="tests.DropdownTest" name="validateLandingPage" time="0.209"/>
  <testcase classname="tests.DropdownTest" name="createAccountTest" time="2.438"/>
  <testcase classname="tests.DropdownTest" name="inputTest" time="2.172"/>
  <testcase classname="tests.DropdownTest" name="testDOB_Dropdown" time="1.216"/>
  <testcase classname="tests.DropdownTest" name="testGender" time="0.243"/>
  <testcase classname="tests.DropdownTest" name="testCountryDropdown" time="6.309"/>
  <testcase classname="tests.DropdownTest" name="validateCountrySelection" time="0.242"/>
  <testcase classname="tests.DropdownTest" name="testCityDropdown" time="0.223"/>
  <testcase classname="tests.DropdownTest" name="testAlternateIdCheckBox" time="0.147"/>
</testsuite> <!-- Chrome Test -->
