<?xml version="1.0" encoding="UTF-8"?>
<!-- Generated by org.testng.reporters.JUnitXMLReporter -->
<testsuite ignored="0" hostname="LTIN719780" failures="0" tests="9" name="Edge Test" time="31.246" errors="0" timestamp="2026-04-08T17:41:41 IST">
  <testcase classname="tests.DropdownTest" name="validateLandingPage" time="0.354"/>
  <testcase classname="tests.DropdownTest" name="createAccountTest" time="1.255"/>
  <testcase classname="tests.DropdownTest" name="inputTest" time="2.02"/>
  <testcase classname="tests.DropdownTest" name="testDOB_Dropdown" time="1.312"/>
  <testcase classname="tests.DropdownTest" name="testGender" time="0.265"/>
  <testcase classname="tests.DropdownTest" name="testCountryDropdown" time="6.384"/>
  <testcase classname="tests.DropdownTest" name="validateCountrySelection" time="0.508"/>
  <testcase classname="tests.DropdownTest" name="testCityDropdown" time="0.415"/>
  <testcase classname="tests.DropdownTest" name="testAlternateIdCheckBox" time="0.195"/>
</testsuite> <!-- Edge Test -->
