<?xml version="1.0" encoding="UTF-8"?>
<testsuite xmlns:xsi="http://www.w3.org/2001/XMLSchema-instance" xsi:noNamespaceSchemaLocation="https://maven.apache.org/surefire/maven-surefire-plugin/xsd/surefire-test-report.xsd" version="3.0.2" name="TestSuite" time="34.248" tests="4" errors="0" skipped="0" failures="0">
  <properties>
[...]
</properties>
  <testcase name="LoginPage" classname="BaseClass.baseClass" time="9.135">
    <system-out><![CDATA[Login
]]></system-out>
    <system-err><![CDATA[SLF4J: Failed to load class "org.slf4j.impl.StaticLoggerBinder".
SLF4J: Defaulting to no-operation (NOP) logger implementation
SLF4J: See http://www.slf4j.org/codes.html#StaticLoggerBinder for further details.
Apr 24, 2026 2:43:46 PM org.openqa.selenium.devtools.CdpVersionFinder findNearestMatch
WARNING: Unable to find CDP implementation matching 137
Apr 24, 2026 2:43:46 PM org.openqa.selenium.chromium.ChromiumDriver lambda$new$4
WARNING: Unable to find version of CDP to use for 137.0.7151.69. You may need to include a dependency on a specific version of the CDP using something similar to `org.seleniumhq.selenium:selenium-devtools-v86:4.41.0` where the version ("v86") matches the version of the chromium-based browser you're using and the version number of the artifact is the same as Selenium's.
]]></system-err>
  </testcase>
  <testcase name="AddDetails_Page" classname="BaseClass.baseClass" time="10.995">
    <system-out><![CDATA[AddDetails
]]></system-out>
  </testcase>
  <testcase name="EditDetails_Page" classname="BaseClass.baseClass" time="3.056">
    <system-out><![CDATA[Edit
]]></system-out>
  </testcase>
  <testcase name="Logout_Page" classname="BaseClass.baseClass" time="0.385">
    <system-out><![CDATA[Logout
]]></system-out>
  </testcase>
</testsuite>