<?xml version="1.0" encoding="UTF-8"?>
<!-- Generated by org.testng.reporters.JUnitReportReporter -->
<testsuite hostname="LTIN718418" failures="0" tests="3" name="testCases.TestFlipkart" time="31.739" errors="0" timestamp="2026-04-13T10:56:33 IST" skipped="0">
  <testcase classname="testCases.TestFlipkart" name="testSearchAndVerify" time="12.978"/>
  <testcase classname="testCases.TestFlipkart" name="testFiltersAndSort" time="18.291"/>
  <testcase classname="testCases.TestFlipkart" name="testMobileValidation" time="0.470"/>
</testsuite> <!-- testCases.TestFlipkart -->
