<?xml version="1.0" encoding="UTF-8"?>
<!-- Generated by org.testng.reporters.JUnitReportReporter -->
<testsuite hostname="LTIN719780" failures="0" tests="9" name="tests.DropdownTest" time="14.184" errors="0" timestamp="2026-04-10T08:43:52 IST" skipped="0">
  <testcase classname="tests.DropdownTest" name="validateLandingPage" time="0.326">
    <system-out>
      <![CDATA[Landing page URL is correct<br>
Landing page title is correct<br>
Landing page UI loaded correctly<br>]]>
    </system-out>
  </testcase> <!-- validateLandingPage -->
  <testcase classname="tests.DropdownTest" name="createAccountTest" time="1.232">
    <system-out>
      <![CDATA[Clicking on Create Account link<br>
Create Account page title validated successfully<br>]]>
    </system-out>
  </testcase> <!-- createAccountTest -->
  <testcase classname="tests.DropdownTest" name="inputTest" time="1.817">
    <system-out>
      <![CDATA[Entering user name<br>
Entering email ID<br>
Checking email availability<br>
Selecting auto-suggested email<br>
Entering password<br>
Re-entering password<br>]]>
    </system-out>
  </testcase> <!-- inputTest -->
  <testcase classname="tests.DropdownTest" name="testDOB_Dropdown" time="1.234">
    <system-out>
      <![CDATA[Day dropdown is enabled<br>
Month dropdown is enabled<br>
Year dropdown is enabled<br>
Selecting Date of Birth from dropdowns<br>]]>
    </system-out>
  </testcase> <!-- testDOB_Dropdown -->
  <testcase classname="tests.DropdownTest" name="testGender" time="0.232">
    <system-out>
      <![CDATA[Selecting gender<br>]]>
    </system-out>
  </testcase> <!-- testGender -->
  <testcase classname="tests.DropdownTest" name="testCountryDropdown" time="7.875">
    <system-out>
      <![CDATA[Country dropdown validated<br>]]>
    </system-out>
  </testcase> <!-- testCountryDropdown -->
  <testcase classname="tests.DropdownTest" name="validateCountrySelection" time="0.509">
    <system-out>
      <![CDATA[Country dropdown is enabled<br>
Country selected and validated<br>]]>
    </system-out>
  </testcase> <!-- validateCountrySelection -->
  <testcase classname="tests.DropdownTest" name="testCityDropdown" time="0.645">
    <system-out>
      <![CDATA[City dropdown is enabled<br>
City selected successfully]]>
    </system-out>
  </testcase> <!-- testCityDropdown -->
  <testcase classname="tests.DropdownTest" name="testAlternateIdCheckBox" time="0.314">
    <system-out>
      <![CDATA[Alternate ID checkbox selected<br>]]>
    </system-out>
  </testcase> <!-- testAlternateIdCheckBox -->
  <system-out>
    <![CDATA[Landing page URL is correct<br>
Landing page title is correct<br>
Landing page UI loaded correctly<br>
Clicking on Create Account link<br>
Create Account page title validated successfully<br>
Entering user name<br>
Entering email ID<br>
Checking email availability<br>
Selecting auto-suggested email<br>
Entering password<br>
Re-entering password<br>
Day dropdown is enabled<br>
Month dropdown is enabled<br>
Year dropdown is enabled<br>
Selecting Date of Birth from dropdowns<br>
Selecting gender<br>
Country dropdown validated<br>
Country dropdown is enabled<br>
Country selected and validated<br>
City dropdown is enabled<br>
City selected successfully
Alternate ID checkbox selected<br>]]>
  </system-out>
</testsuite> <!-- tests.DropdownTest -->
