<?xml version="1.0" encoding="UTF-8"?>
<testng-results ignored="0" total="4" passed="4" failed="0" skipped="0">
  <reporter-output>
  </reporter-output>
  <suite started-at="2026-05-06T14:21:33 IST" name="Default suite" finished-at="2026-05-06T14:22:25 IST" duration-ms="51265">
    <groups>
    </groups>
    <test started-at="2026-05-06T14:21:33 IST" name="Default test" finished-at="2026-05-06T14:22:25 IST" duration-ms="51265">
      <class name="testCases.TestFlipkart">
        <test-method is-config="true" signature="setUp()[pri:0, instance:testCases.TestFlipkart@3bf7ca37]" started-at="2026-05-06T14:21:33 IST" name="setUp" finished-at="2026-05-06T14:21:47 IST" duration-ms="13310" status="PASS">
          <reporter-output>
          </reporter-output>
        </test-method> <!-- setUp -->
        <test-method signature="LoginPage_Test()[pri:1, instance:testCases.TestFlipkart@3bf7ca37]" started-at="2026-05-06T14:21:47 IST" name="LoginPage_Test" finished-at="2026-05-06T14:21:48 IST" duration-ms="1420" status="PASS">
          <reporter-output>
          </reporter-output>
        </test-method> <!-- LoginPage_Test -->
        <test-method signature="HomePage_Test()[pri:0, instance:testCases.TestFlipkart@3bf7ca37]" started-at="2026-05-06T14:21:48 IST" name="HomePage_Test" finished-at="2026-05-06T14:21:55 IST" depends-on-methods="testCases.TestFlipkart.LoginPage_Test" duration-ms="6993" status="PASS">
          <reporter-output>
          </reporter-output>
        </test-method> <!-- HomePage_Test -->
        <test-method signature="SearchProductPage_Test()[pri:0, instance:testCases.TestFlipkart@3bf7ca37]" started-at="2026-05-06T14:21:55 IST" name="SearchProductPage_Test" finished-at="2026-05-06T14:22:10 IST" depends-on-methods="testCases.TestFlipkart.HomePage_Test" duration-ms="14727" status="PASS">
          <reporter-output>
          </reporter-output>
        </test-method> <!-- SearchProductPage_Test -->
        <test-method signature="ProductRetrievePage_Test()[pri:0, instance:testCases.TestFlipkart@3bf7ca37]" started-at="2026-05-06T14:22:10 IST" name="ProductRetrievePage_Test" finished-at="2026-05-06T14:22:14 IST" depends-on-methods="testCases.TestFlipkart.SearchProductPage_Test" duration-ms="4101" status="PASS">
          <reporter-output>
          </reporter-output>
        </test-method> <!-- ProductRetrievePage_Test -->
        <test-method is-config="true" signature="exitBrowser()[pri:0, instance:testCases.TestFlipkart@3bf7ca37]" started-at="2026-05-06T14:22:14 IST" name="exitBrowser" finished-at="2026-05-06T14:22:25 IST" duration-ms="10535" status="PASS">
          <reporter-output>
          </reporter-output>
        </test-method> <!-- exitBrowser -->
      </class> <!-- testCases.TestFlipkart -->
    </test> <!-- Default test -->
  </suite> <!-- Default suite -->
</testng-results>
