<?xml version="1.0" encoding="UTF-8"?>
<!-- Generated by org.testng.reporters.JUnitXMLReporter -->
<testsuite ignored="0" hostname="LTIN717796" failures="0" tests="3" name="Default test" time="51.656" errors="0" timestamp="2026-05-07T16:51:25 IST">
  <testcase classname="test.TestMain" name="testNavigation" time="34.556"/>
  <testcase classname="test.TestMain" name="testBanner" time="0.987"/>
  <testcase classname="test.TestMain" name="testHolidayPackages" time="1.832"/>
</testsuite> <!-- Default test -->
