<?xml version="1.0" encoding="UTF-8"?>
<!-- Generated by org.testng.reporters.JUnitXMLReporter -->
<testsuite ignored="0" hostname="LTIN719427" failures="0" tests="4" name="EdgeTest" time="22.864" errors="0" timestamp="2026-04-10T14:59:11 IST">
  <testcase classname="tests.AlertsPageTest" name="validateAlertsPage" time="9.363"/>
  <testcase classname="tests.AlertsPageTest" name="simpleAlertTestCase" time="0.859"/>
  <testcase classname="tests.AlertsPageTest" name="confirmAlertTestCase" time="0.483"/>
  <testcase classname="tests.AlertsPageTest" name="promptAlertTestCase" time="0.519"/>
</testsuite> <!-- EdgeTest -->
