<?xml version="1.0" encoding="UTF-8"?>
<!-- Generated by org.testng.reporters.JUnitReportReporter -->
<testsuite hostname="LTIN717694" failures="0" tests="8" name="tests.TestSearchPage" time="9.162" errors="0" timestamp="2026-04-22T10:00:40 IST" skipped="0">
  <testcase classname="tests.TestSearchPage" name="conditioRadioBox" time="2.075"/>
  <testcase classname="tests.TestSearchPage" name="selectCategory" time="0.249"/>
  <testcase classname="tests.TestSearchPage" name="searchClick" time="1.964"/>
  <testcase classname="tests.TestSearchPage" name="item_Location" time="0.071"/>
  <testcase classname="tests.TestSearchPage" name="searchInclude" time="0.023"/>
  <testcase classname="tests.TestSearchPage" name="showResult" time="0.178"/>
  <testcase classname="tests.TestSearchPage" name="advancesSearch" time="0.037"/>
  <testcase classname="tests.TestSearchPage" name="dataIntoExcel" time="4.565"/>
</testsuite> <!-- tests.TestSearchPage -->
